{
  "uid" : "359456761686cc57",
  "name" : "Validate text not found withing timeout and error message shown ",
  "fullName" : "WaitUntilSpec of BrowserUtils Tests.Validate text not found withing timeout and error message shown ",
  "historyId" : "137642982e1a4025bebdf23de0e2433",
  "time" : {
    "start" : 1646658942206,
    "stop" : 1646658942346,
    "duration" : 140
  },
  "description" : "",
  "descriptionHtml" : "",
  "status" : "failed",
  "statusMessage" : "expected [Function] to throw Error      \n                      actual expected\n                      \n                      undefined'function Error() { [native code] }'\n                      ",
  "statusTrace" : "AssertionError: expected [Function] to throw Error\n                    at Context.<anonymous> (/home/runner/work/wdio-allure-ts/wdio-allure-ts/src/test/specs/WaitUntilSpec.ts:40:16)\n                    at Context.executeAsync (/home/runner/work/wdio-allure-ts/wdio-allure-ts/node_modules/@wdio/utils/build/shim.js:331:27)\n                    at Context.testFrameworkFnWrapper (/home/runner/work/wdio-allure-ts/wdio-allure-ts/node_modules/@wdio/utils/build/test-framework/testFnWrapper.js:45:32)",
  "flaky" : false,
  "newFailed" : true,
  "beforeStages" : [ ],
  "testStage" : {
    "status" : "failed",
    "statusMessage" : "expected [Function] to throw Error      \n                      actual expected\n                      \n                      undefined'function Error() { [native code] }'\n                      ",
    "statusTrace" : "AssertionError: expected [Function] to throw Error\n                    at Context.<anonymous> (/home/runner/work/wdio-allure-ts/wdio-allure-ts/src/test/specs/WaitUntilSpec.ts:40:16)\n                    at Context.executeAsync (/home/runner/work/wdio-allure-ts/wdio-allure-ts/node_modules/@wdio/utils/build/shim.js:331:27)\n                    at Context.testFrameworkFnWrapper (/home/runner/work/wdio-allure-ts/wdio-allure-ts/node_modules/@wdio/utils/build/test-framework/testFnWrapper.js:45:32)",
    "steps" : [ {
      "name" : "\"before each\" hook for WaitUntilSpec of BrowserUtils Tests",
      "time" : {
        "start" : 1646658942206,
        "stop" : 1646658942241,
        "duration" : 35
      },
      "status" : "passed",
      "steps" : [ {
        "name" : "[STEP] - Validate success within given timeout",
        "time" : {
          "start" : 1646658942206,
          "stop" : 1646658942207,
          "duration" : 1
        },
        "status" : "passed",
        "steps" : [ ],
        "attachments" : [ {
          "uid" : "9b2ef95e1b8df7a0",
          "name" : "more info",
          "source" : "9b2ef95e1b8df7a0.txt",
          "type" : "text/plain",
          "size" : 257
        } ],
        "parameters" : [ ],
        "stepsCount" : 0,
        "attachmentsCount" : 1,
        "shouldDisplayMessage" : false,
        "hasContent" : true
      }, {
        "name" : "[STEP] - Navigate to sample app",
        "time" : {
          "start" : 1646658942207,
          "stop" : 1646658942208,
          "duration" : 1
        },
        "status" : "passed",
        "steps" : [ ],
        "attachments" : [ {
          "uid" : "3ef7965b66502f4a",
          "name" : "more info",
          "source" : "3ef7965b66502f4a.txt",
          "type" : "text/plain",
          "size" : 117
        } ],
        "parameters" : [ ],
        "stepsCount" : 0,
        "attachmentsCount" : 1,
        "shouldDisplayMessage" : false,
        "hasContent" : true
      } ],
      "attachments" : [ ],
      "parameters" : [ ],
      "stepsCount" : 2,
      "attachmentsCount" : 2,
      "shouldDisplayMessage" : false,
      "hasContent" : true
    }, {
      "name" : "[STEP] - Wait for sample app to load",
      "time" : {
        "start" : 1646658942241,
        "stop" : 1646658942241,
        "duration" : 0
      },
      "status" : "passed",
      "steps" : [ ],
      "attachments" : [ {
        "uid" : "c5970e9a3f6a7c3b",
        "name" : "more info",
        "source" : "c5970e9a3f6a7c3b.txt",
        "type" : "text/plain",
        "size" : 136
      } ],
      "parameters" : [ ],
      "stepsCount" : 0,
      "attachmentsCount" : 1,
      "shouldDisplayMessage" : false,
      "hasContent" : true
    }, {
      "name" : "[STEP] - scroll to element",
      "time" : {
        "start" : 1646658942255,
        "stop" : 1646658942255,
        "duration" : 0
      },
      "status" : "passed",
      "steps" : [ ],
      "attachments" : [ {
        "uid" : "1836371cc5e77e57",
        "name" : "more info",
        "source" : "1836371cc5e77e57.txt",
        "type" : "text/plain",
        "size" : 326
      } ],
      "parameters" : [ ],
      "stepsCount" : 0,
      "attachmentsCount" : 1,
      "shouldDisplayMessage" : false,
      "hasContent" : true
    } ],
    "attachments" : [ {
      "uid" : "ae140a4028ea7b55",
      "name" : "Browser console logs",
      "source" : "ae140a4028ea7b55.json",
      "type" : "application/json",
      "size" : 2
    } ],
    "parameters" : [ ],
    "stepsCount" : 5,
    "attachmentsCount" : 5,
    "shouldDisplayMessage" : true,
    "hasContent" : true
  },
  "afterStages" : [ ],
  "labels" : [ {
    "name" : "framework",
    "value" : "wdio"
  }, {
    "name" : "language",
    "value" : "javascript"
  }, {
    "name" : "thread",
    "value" : "0-53"
  }, {
    "name" : "suite",
    "value" : "WaitUntilSpec of BrowserUtils Tests"
  }, {
    "name" : "testClass",
    "value" : "WaitUntilSpec of BrowserUtils Tests"
  }, {
    "name" : "testMethod",
    "value" : "Validate text not found withing timeout and error message shown "
  }, {
    "name" : "package",
    "value" : "WaitUntilSpec of BrowserUtils Tests"
  }, {
    "name" : "resultFormat",
    "value" : "allure1"
  } ],
  "parameters" : [ {
    "name" : "browser",
    "value" : "chrome-98.0.4758.102"
  } ],
  "links" : [ ],
  "hidden" : false,
  "retry" : false,
  "extra" : {
    "severity" : "normal",
    "retries" : [ ],
    "categories" : [ {
      "name" : "Product defects",
      "matchedStatuses" : [ ],
      "flaky" : false
    } ],
    "history" : {
      "statistic" : {
        "failed" : 1,
        "broken" : 0,
        "skipped" : 0,
        "passed" : 7,
        "unknown" : 0,
        "total" : 8
      },
      "items" : [ {
        "uid" : "5772fc595e9310c7",
        "reportUrl" : "https://cloudinary.github.io/wdio-allure-ts/253//#testresult/5772fc595e9310c7",
        "status" : "passed",
        "time" : {
          "start" : 1646658696388,
          "stop" : 1646658700723,
          "duration" : 4335
        }
      }, {
        "uid" : "fae3b5808d9c6822",
        "reportUrl" : "https://cloudinary.github.io/wdio-allure-ts/252//#testresult/fae3b5808d9c6822",
        "status" : "passed",
        "time" : {
          "start" : 1646658618947,
          "stop" : 1646658623109,
          "duration" : 4162
        }
      }, {
        "uid" : "ca2c864305f2b8bc",
        "reportUrl" : "https://cloudinary.github.io/wdio-allure-ts/251//#testresult/ca2c864305f2b8bc",
        "status" : "passed",
        "time" : {
          "start" : 1646658262529,
          "stop" : 1646658266730,
          "duration" : 4201
        }
      }, {
        "uid" : "cd3438f64a485c5e",
        "reportUrl" : "https://cloudinary.github.io/wdio-allure-ts/250//#testresult/cd3438f64a485c5e",
        "status" : "passed",
        "time" : {
          "start" : 1646657856962,
          "stop" : 1646657861137,
          "duration" : 4175
        }
      }, {
        "uid" : "53622dc8d318169d",
        "reportUrl" : "https://cloudinary.github.io/wdio-allure-ts/241//#testresult/53622dc8d318169d",
        "status" : "passed",
        "time" : {
          "start" : 1645552624578,
          "stop" : 1645552628883,
          "duration" : 4305
        }
      }, {
        "uid" : "b6e1be7ed06faaa1",
        "reportUrl" : "https://cloudinary.github.io/wdio-allure-ts/240//#testresult/b6e1be7ed06faaa1",
        "status" : "passed",
        "time" : {
          "start" : 1645534867907,
          "stop" : 1645534872252,
          "duration" : 4345
        }
      }, {
        "uid" : "c7ef173c2a32e73d",
        "reportUrl" : "https://cloudinary.github.io/wdio-allure-ts/239//#testresult/c7ef173c2a32e73d",
        "status" : "passed",
        "time" : {
          "start" : 1645528272378,
          "stop" : 1645528276572,
          "duration" : 4194
        }
      } ]
    },
    "tags" : [ ]
  },
  "source" : "359456761686cc57.json",
  "parameterValues" : [ "chrome-98.0.4758.102" ]
}