{
  "uid" : "134d485f2079f19c",
  "name" : "element not exists",
  "fullName" : "waitForEnabled.element not exists",
  "historyId" : "8808ac8fcfcf78e38b7cc8fdd150c713",
  "time" : {
    "start" : 1646930482639,
    "stop" : 1646930483180,
    "duration" : 541
  },
  "description" : "",
  "descriptionHtml" : "",
  "status" : "failed",
  "statusMessage" : "expected [Function] to throw Error      \n                      actual expected\n                      \n                      undefined'function Error() { [native code] }'\n                      ",
  "statusTrace" : "AssertionError: expected [Function] to throw Error\n                    at Context.<anonymous> (/home/runner/work/wdio-allure-ts/wdio-allure-ts/src/test/specs/WaitForEnabledSpec.ts:25:84)\n                    at Context.executeAsync (/home/runner/work/wdio-allure-ts/wdio-allure-ts/node_modules/@wdio/utils/build/shim.js:331:27)\n                    at Context.testFrameworkFnWrapper (/home/runner/work/wdio-allure-ts/wdio-allure-ts/node_modules/@wdio/utils/build/test-framework/testFnWrapper.js:45:32)\n                    at processTicksAndRejections (internal/process/task_queues.js:93:5)",
  "flaky" : false,
  "newFailed" : false,
  "beforeStages" : [ ],
  "testStage" : {
    "status" : "failed",
    "statusMessage" : "expected [Function] to throw Error      \n                      actual expected\n                      \n                      undefined'function Error() { [native code] }'\n                      ",
    "statusTrace" : "AssertionError: expected [Function] to throw Error\n                    at Context.<anonymous> (/home/runner/work/wdio-allure-ts/wdio-allure-ts/src/test/specs/WaitForEnabledSpec.ts:25:84)\n                    at Context.executeAsync (/home/runner/work/wdio-allure-ts/wdio-allure-ts/node_modules/@wdio/utils/build/shim.js:331:27)\n                    at Context.testFrameworkFnWrapper (/home/runner/work/wdio-allure-ts/wdio-allure-ts/node_modules/@wdio/utils/build/test-framework/testFnWrapper.js:45:32)\n                    at processTicksAndRejections (internal/process/task_queues.js:93:5)",
    "steps" : [ {
      "name" : "\"before each\" hook for waitForEnabled",
      "time" : {
        "start" : 1646930482639,
        "stop" : 1646930482814,
        "duration" : 175
      },
      "status" : "passed",
      "steps" : [ {
        "name" : "[STEP] - Navigate to sample app",
        "time" : {
          "start" : 1646930482771,
          "stop" : 1646930482771,
          "duration" : 0
        },
        "status" : "passed",
        "steps" : [ ],
        "attachments" : [ {
          "uid" : "3b3869e5bcafbc2f",
          "name" : "more info",
          "source" : "3b3869e5bcafbc2f.txt",
          "type" : "text/plain",
          "size" : 117
        } ],
        "parameters" : [ ],
        "stepsCount" : 0,
        "attachmentsCount" : 1,
        "shouldDisplayMessage" : false,
        "hasContent" : true
      }, {
        "name" : "[STEP] - Wait for sample app to load",
        "time" : {
          "start" : 1646930482814,
          "stop" : 1646930482814,
          "duration" : 0
        },
        "status" : "passed",
        "steps" : [ ],
        "attachments" : [ {
          "uid" : "1b778662083fa06d",
          "name" : "more info",
          "source" : "1b778662083fa06d.txt",
          "type" : "text/plain",
          "size" : 136
        } ],
        "parameters" : [ ],
        "stepsCount" : 0,
        "attachmentsCount" : 1,
        "shouldDisplayMessage" : false,
        "hasContent" : true
      } ],
      "attachments" : [ ],
      "parameters" : [ ],
      "stepsCount" : 2,
      "attachmentsCount" : 2,
      "shouldDisplayMessage" : false,
      "hasContent" : true
    }, {
      "name" : "[DEBUG] - Wait for an element to be enabled '//button[@id='disabled_button1234']'",
      "time" : {
        "start" : 1646930482815,
        "stop" : 1646930482815,
        "duration" : 0
      },
      "status" : "passed",
      "steps" : [ ],
      "attachments" : [ {
        "uid" : "50278a23b03d3f65",
        "name" : "more info",
        "source" : "50278a23b03d3f65.txt",
        "type" : "text/plain",
        "size" : 99
      } ],
      "parameters" : [ ],
      "stepsCount" : 0,
      "attachmentsCount" : 1,
      "shouldDisplayMessage" : false,
      "hasContent" : true
    }, {
      "name" : "[STEP] - not existing element throws an error",
      "time" : {
        "start" : 1646930483179,
        "stop" : 1646930483179,
        "duration" : 0
      },
      "status" : "failed",
      "statusMessage" : "AssertionError: expected [Function] to throw Error\n                    at Context.<anonymous> (/home/runner/work/wdio-allure-ts/wdio-allure-ts/src/test/specs/WaitForEnabledSpec.ts:25:84)\n                    at Context.executeAsync (/home/runner/work/wdio-allure-ts/wdio-allure-ts/node_modules/@wdio/utils/build/shim.js:331:27)\n                    at Context.testFrameworkFnWrapper (/home/runner/work/wdio-allure-ts/wdio-allure-ts/node_modules/@wdio/utils/build/test-framework/testFnWrapper.js:45:32)\n                    at processTicksAndRejections (internal/process/task_queues.js:93:5)",
      "steps" : [ ],
      "attachments" : [ {
        "uid" : "cb932c79da0e5061",
        "name" : "more info",
        "source" : "cb932c79da0e5061.txt",
        "type" : "text/plain",
        "size" : 166
      } ],
      "parameters" : [ ],
      "stepsCount" : 0,
      "attachmentsCount" : 1,
      "shouldDisplayMessage" : true,
      "hasContent" : true
    } ],
    "attachments" : [ {
      "uid" : "eec4bf8077b19f8b",
      "name" : "Screenshot",
      "source" : "eec4bf8077b19f8b.png",
      "type" : "image/png",
      "size" : 145289
    }, {
      "uid" : "549fa2c9c7ae441d",
      "name" : "Browser console logs",
      "source" : "549fa2c9c7ae441d.json",
      "type" : "application/json",
      "size" : 2
    }, {
      "uid" : "a01ee23c2dd9777d",
      "name" : "Page HTML source",
      "source" : "a01ee23c2dd9777d.null",
      "type" : "html",
      "size" : 21966
    }, {
      "uid" : "30c771bd5a82b435",
      "name" : "Network Logs",
      "source" : "30c771bd5a82b435.json",
      "type" : "application/json",
      "size" : 17
    } ],
    "parameters" : [ ],
    "stepsCount" : 5,
    "attachmentsCount" : 8,
    "shouldDisplayMessage" : true,
    "hasContent" : true
  },
  "afterStages" : [ ],
  "labels" : [ {
    "name" : "framework",
    "value" : "wdio"
  }, {
    "name" : "language",
    "value" : "javascript"
  }, {
    "name" : "thread",
    "value" : "0-52"
  }, {
    "name" : "suite",
    "value" : "waitForEnabled"
  }, {
    "name" : "testClass",
    "value" : "waitForEnabled"
  }, {
    "name" : "testMethod",
    "value" : "element not exists"
  }, {
    "name" : "package",
    "value" : "waitForEnabled"
  }, {
    "name" : "resultFormat",
    "value" : "allure1"
  } ],
  "parameters" : [ {
    "name" : "browser",
    "value" : "chrome-99.0.4844.51"
  } ],
  "links" : [ ],
  "hidden" : false,
  "retry" : false,
  "extra" : {
    "severity" : "normal",
    "retries" : [ ],
    "categories" : [ {
      "name" : "Product defects",
      "matchedStatuses" : [ ],
      "flaky" : false
    } ],
    "history" : {
      "statistic" : {
        "failed" : 3,
        "broken" : 0,
        "skipped" : 0,
        "passed" : 0,
        "unknown" : 0,
        "total" : 3
      },
      "items" : [ {
        "uid" : "780ef6e734a1eb57",
        "reportUrl" : "https://cloudinary.github.io/wdio-allure-ts/275//#testresult/780ef6e734a1eb57",
        "status" : "failed",
        "statusDetails" : "expected [Function] to throw Error      \n                      actual expected\n                      \n                      undefined'function Error() { [native code] }'\n                      ",
        "time" : {
          "start" : 1646930170686,
          "stop" : 1646930171658,
          "duration" : 972
        }
      }, {
        "uid" : "20816ee61cc46134",
        "reportUrl" : "https://cloudinary.github.io/wdio-allure-ts/274//#testresult/20816ee61cc46134",
        "status" : "failed",
        "statusDetails" : "expected [Function] to throw Error      \n                      actual expected\n                      \n                      undefined'function Error() { [native code] }'\n                      ",
        "time" : {
          "start" : 1646927590716,
          "stop" : 1646927592141,
          "duration" : 1425
        }
      } ]
    },
    "tags" : [ ]
  },
  "source" : "134d485f2079f19c.json",
  "parameterValues" : [ "chrome-99.0.4844.51" ]
}