{
  "uid" : "18ae7f7d2fc035b5",
  "name" : "fail on wrong text",
  "fullName" : "waitForText.fail on wrong text",
  "historyId" : "6b25a0340ed9868071c8812ebcaa6918",
  "time" : {
    "start" : 1646930408859,
    "stop" : 1646930410611,
    "duration" : 1752
  },
  "description" : "",
  "descriptionHtml" : "",
  "status" : "failed",
  "statusMessage" : "expected [Function] to throw Error      \n                      actual expected\n                      \n                      undefined'function Error() { [native code] }'\n                      ",
  "statusTrace" : "AssertionError: expected [Function] to throw Error\n                    at Context.<anonymous> (/home/runner/work/wdio-allure-ts/wdio-allure-ts/src/test/specs/ExpectTextSpec.ts:49:16)\n                    at Context.executeAsync (/home/runner/work/wdio-allure-ts/wdio-allure-ts/node_modules/@wdio/utils/build/shim.js:331:27)\n                    at Context.testFrameworkFnWrapper (/home/runner/work/wdio-allure-ts/wdio-allure-ts/node_modules/@wdio/utils/build/test-framework/testFnWrapper.js:45:32)\n                    at processTicksAndRejections (internal/process/task_queues.js:93:5)",
  "flaky" : false,
  "newFailed" : false,
  "beforeStages" : [ ],
  "testStage" : {
    "status" : "failed",
    "statusMessage" : "expected [Function] to throw Error      \n                      actual expected\n                      \n                      undefined'function Error() { [native code] }'\n                      ",
    "statusTrace" : "AssertionError: expected [Function] to throw Error\n                    at Context.<anonymous> (/home/runner/work/wdio-allure-ts/wdio-allure-ts/src/test/specs/ExpectTextSpec.ts:49:16)\n                    at Context.executeAsync (/home/runner/work/wdio-allure-ts/wdio-allure-ts/node_modules/@wdio/utils/build/shim.js:331:27)\n                    at Context.testFrameworkFnWrapper (/home/runner/work/wdio-allure-ts/wdio-allure-ts/node_modules/@wdio/utils/build/test-framework/testFnWrapper.js:45:32)\n                    at processTicksAndRejections (internal/process/task_queues.js:93:5)",
    "steps" : [ {
      "name" : "\"before each\" hook for waitForText",
      "time" : {
        "start" : 1646930408862,
        "stop" : 1646930409579,
        "duration" : 717
      },
      "status" : "passed",
      "steps" : [ {
        "name" : "[STEP] - Navigate to sample app",
        "time" : {
          "start" : 1646930409301,
          "stop" : 1646930409301,
          "duration" : 0
        },
        "status" : "passed",
        "steps" : [ ],
        "attachments" : [ {
          "uid" : "b97cbe70865ce7b9",
          "name" : "more info",
          "source" : "b97cbe70865ce7b9.txt",
          "type" : "text/plain",
          "size" : 117
        } ],
        "parameters" : [ ],
        "stepsCount" : 0,
        "attachmentsCount" : 1,
        "shouldDisplayMessage" : false,
        "hasContent" : true
      }, {
        "name" : "[STEP] - Wait for sample app to load",
        "time" : {
          "start" : 1646930409579,
          "stop" : 1646930409579,
          "duration" : 0
        },
        "status" : "passed",
        "steps" : [ ],
        "attachments" : [ {
          "uid" : "9311e0cdcf133c3d",
          "name" : "more info",
          "source" : "9311e0cdcf133c3d.txt",
          "type" : "text/plain",
          "size" : 136
        } ],
        "parameters" : [ ],
        "stepsCount" : 0,
        "attachmentsCount" : 1,
        "shouldDisplayMessage" : false,
        "hasContent" : true
      } ],
      "attachments" : [ ],
      "parameters" : [ ],
      "stepsCount" : 2,
      "attachmentsCount" : 2,
      "shouldDisplayMessage" : false,
      "hasContent" : true
    }, {
      "name" : "[DEBUG] - Wait for text 'Cloudinary not rules!' of element by selector '//*[@id='ExpectText']//*[@id='static_text']'",
      "time" : {
        "start" : 1646930409580,
        "stop" : 1646930409580,
        "duration" : 0
      },
      "status" : "passed",
      "steps" : [ ],
      "attachments" : [ {
        "uid" : "69b7bbb03a5c9ee1",
        "name" : "more info",
        "source" : "69b7bbb03a5c9ee1.txt",
        "type" : "text/plain",
        "size" : 134
      } ],
      "parameters" : [ ],
      "stepsCount" : 0,
      "attachmentsCount" : 1,
      "shouldDisplayMessage" : false,
      "hasContent" : true
    }, {
      "name" : "[STEP] - wait for incorrect text throw an error",
      "time" : {
        "start" : 1646930410607,
        "stop" : 1646930410607,
        "duration" : 0
      },
      "status" : "failed",
      "statusMessage" : "AssertionError: expected [Function] to throw Error\n                    at Context.<anonymous> (/home/runner/work/wdio-allure-ts/wdio-allure-ts/src/test/specs/ExpectTextSpec.ts:49:16)\n                    at Context.executeAsync (/home/runner/work/wdio-allure-ts/wdio-allure-ts/node_modules/@wdio/utils/build/shim.js:331:27)\n                    at Context.testFrameworkFnWrapper (/home/runner/work/wdio-allure-ts/wdio-allure-ts/node_modules/@wdio/utils/build/test-framework/testFnWrapper.js:45:32)\n                    at processTicksAndRejections (internal/process/task_queues.js:93:5)",
      "steps" : [ ],
      "attachments" : [ {
        "uid" : "a7759a351f39185a",
        "name" : "more info",
        "source" : "a7759a351f39185a.txt",
        "type" : "text/plain",
        "size" : 176
      } ],
      "parameters" : [ ],
      "stepsCount" : 0,
      "attachmentsCount" : 1,
      "shouldDisplayMessage" : true,
      "hasContent" : true
    } ],
    "attachments" : [ {
      "uid" : "999da692ccfafb62",
      "name" : "Screenshot",
      "source" : "999da692ccfafb62.png",
      "type" : "image/png",
      "size" : 80615
    }, {
      "uid" : "2af75a276f4f7d42",
      "name" : "Browser console logs",
      "source" : "2af75a276f4f7d42.json",
      "type" : "application/json",
      "size" : 2
    }, {
      "uid" : "80ff486d571c1ee1",
      "name" : "Page HTML source",
      "source" : "80ff486d571c1ee1.null",
      "type" : "html",
      "size" : 21966
    }, {
      "uid" : "3f82b043956d7f17",
      "name" : "Network Logs",
      "source" : "3f82b043956d7f17.json",
      "type" : "application/json",
      "size" : 17
    } ],
    "parameters" : [ ],
    "stepsCount" : 5,
    "attachmentsCount" : 8,
    "shouldDisplayMessage" : true,
    "hasContent" : true
  },
  "afterStages" : [ ],
  "labels" : [ {
    "name" : "framework",
    "value" : "wdio"
  }, {
    "name" : "language",
    "value" : "javascript"
  }, {
    "name" : "thread",
    "value" : "0-15"
  }, {
    "name" : "suite",
    "value" : "waitForText"
  }, {
    "name" : "testClass",
    "value" : "waitForText"
  }, {
    "name" : "testMethod",
    "value" : "fail on wrong text"
  }, {
    "name" : "package",
    "value" : "waitForText"
  }, {
    "name" : "resultFormat",
    "value" : "allure1"
  } ],
  "parameters" : [ {
    "name" : "browser",
    "value" : "chrome-99.0.4844.51"
  } ],
  "links" : [ ],
  "hidden" : false,
  "retry" : false,
  "extra" : {
    "severity" : "normal",
    "retries" : [ ],
    "categories" : [ {
      "name" : "Product defects",
      "matchedStatuses" : [ ],
      "flaky" : false
    } ],
    "history" : {
      "statistic" : {
        "failed" : 3,
        "broken" : 0,
        "skipped" : 0,
        "passed" : 0,
        "unknown" : 0,
        "total" : 3
      },
      "items" : [ {
        "uid" : "a9bf75c6ce49c085",
        "reportUrl" : "https://cloudinary.github.io/wdio-allure-ts/275//#testresult/a9bf75c6ce49c085",
        "status" : "failed",
        "statusDetails" : "expected [Function] to throw Error      \n                      actual expected\n                      \n                      undefined'function Error() { [native code] }'\n                      ",
        "time" : {
          "start" : 1646930079879,
          "stop" : 1646930082014,
          "duration" : 2135
        }
      }, {
        "uid" : "636d7d8d568206a9",
        "reportUrl" : "https://cloudinary.github.io/wdio-allure-ts/274//#testresult/636d7d8d568206a9",
        "status" : "failed",
        "statusDetails" : "expected [Function] to throw Error      \n                      actual expected\n                      \n                      undefined'function Error() { [native code] }'\n                      ",
        "time" : {
          "start" : 1646927487828,
          "stop" : 1646927490748,
          "duration" : 2920
        }
      } ]
    },
    "tags" : [ ]
  },
  "source" : "18ae7f7d2fc035b5.json",
  "parameterValues" : [ "chrome-99.0.4844.51" ]
}