{
  "uid" : "5f3d24d4784c4daa",
  "name" : "Validate text not found withing timeout and error message shown ",
  "fullName" : "WaitUntilSpec of BrowserUtils Tests.Validate text not found withing timeout and error message shown ",
  "historyId" : "6970fbd655d0439bb1ac7356bff2d53e",
  "time" : {
    "start" : 1646930481993,
    "stop" : 1646930482520,
    "duration" : 527
  },
  "description" : "",
  "descriptionHtml" : "",
  "status" : "failed",
  "statusMessage" : "expected [Function] to throw Error      \n                      actual expected\n                      \n                      undefined'function Error() { [native code] }'\n                      ",
  "statusTrace" : "AssertionError: expected [Function] to throw Error\n                    at Context.<anonymous> (/home/runner/work/wdio-allure-ts/wdio-allure-ts/src/test/specs/WaitUntilSpec.ts:40:16)\n                    at Context.executeAsync (/home/runner/work/wdio-allure-ts/wdio-allure-ts/node_modules/@wdio/utils/build/shim.js:331:27)\n                    at Context.testFrameworkFnWrapper (/home/runner/work/wdio-allure-ts/wdio-allure-ts/node_modules/@wdio/utils/build/test-framework/testFnWrapper.js:45:32)\n                    at processTicksAndRejections (internal/process/task_queues.js:93:5)",
  "flaky" : false,
  "newFailed" : false,
  "beforeStages" : [ ],
  "testStage" : {
    "status" : "failed",
    "statusMessage" : "expected [Function] to throw Error      \n                      actual expected\n                      \n                      undefined'function Error() { [native code] }'\n                      ",
    "statusTrace" : "AssertionError: expected [Function] to throw Error\n                    at Context.<anonymous> (/home/runner/work/wdio-allure-ts/wdio-allure-ts/src/test/specs/WaitUntilSpec.ts:40:16)\n                    at Context.executeAsync (/home/runner/work/wdio-allure-ts/wdio-allure-ts/node_modules/@wdio/utils/build/shim.js:331:27)\n                    at Context.testFrameworkFnWrapper (/home/runner/work/wdio-allure-ts/wdio-allure-ts/node_modules/@wdio/utils/build/test-framework/testFnWrapper.js:45:32)\n                    at processTicksAndRejections (internal/process/task_queues.js:93:5)",
    "steps" : [ {
      "name" : "\"before each\" hook for WaitUntilSpec of BrowserUtils Tests",
      "time" : {
        "start" : 1646930482036,
        "stop" : 1646930482296,
        "duration" : 260
      },
      "status" : "passed",
      "steps" : [ {
        "name" : "[STEP] - Navigate to sample app",
        "time" : {
          "start" : 1646930482207,
          "stop" : 1646930482207,
          "duration" : 0
        },
        "status" : "passed",
        "steps" : [ ],
        "attachments" : [ {
          "uid" : "d29db25901228e43",
          "name" : "more info",
          "source" : "d29db25901228e43.txt",
          "type" : "text/plain",
          "size" : 308
        } ],
        "parameters" : [ ],
        "stepsCount" : 0,
        "attachmentsCount" : 1,
        "shouldDisplayMessage" : false,
        "hasContent" : true
      }, {
        "name" : "[STEP] - Wait for sample app to load",
        "time" : {
          "start" : 1646930482296,
          "stop" : 1646930482296,
          "duration" : 0
        },
        "status" : "passed",
        "steps" : [ ],
        "attachments" : [ {
          "uid" : "47e222190fa5ac22",
          "name" : "more info",
          "source" : "47e222190fa5ac22.txt",
          "type" : "text/plain",
          "size" : 136
        } ],
        "parameters" : [ ],
        "stepsCount" : 0,
        "attachmentsCount" : 1,
        "shouldDisplayMessage" : false,
        "hasContent" : true
      } ],
      "attachments" : [ ],
      "parameters" : [ ],
      "stepsCount" : 2,
      "attachmentsCount" : 2,
      "shouldDisplayMessage" : false,
      "hasContent" : true
    }, {
      "name" : "[DEBUG] - Scroll to: '//*[@id='WaitUntilSection']/header/h1'",
      "time" : {
        "start" : 1646930482297,
        "stop" : 1646930482297,
        "duration" : 0
      },
      "status" : "passed",
      "steps" : [ ],
      "attachments" : [ {
        "uid" : "c1440329fb566ff4",
        "name" : "more info",
        "source" : "c1440329fb566ff4.txt",
        "type" : "text/plain",
        "size" : 78
      } ],
      "parameters" : [ ],
      "stepsCount" : 0,
      "attachmentsCount" : 1,
      "shouldDisplayMessage" : false,
      "hasContent" : true
    }, {
      "name" : "[STEP] - Validate failure within given timeout",
      "time" : {
        "start" : 1646930482517,
        "stop" : 1646930482518,
        "duration" : 1
      },
      "status" : "failed",
      "statusMessage" : "AssertionError: expected [Function] to throw Error\n                    at Context.<anonymous> (/home/runner/work/wdio-allure-ts/wdio-allure-ts/src/test/specs/WaitUntilSpec.ts:40:16)\n                    at Context.executeAsync (/home/runner/work/wdio-allure-ts/wdio-allure-ts/node_modules/@wdio/utils/build/shim.js:331:27)\n                    at Context.testFrameworkFnWrapper (/home/runner/work/wdio-allure-ts/wdio-allure-ts/node_modules/@wdio/utils/build/test-framework/testFnWrapper.js:45:32)\n                    at processTicksAndRejections (internal/process/task_queues.js:93:5)",
      "steps" : [ ],
      "attachments" : [ {
        "uid" : "fa4248665d9ba23",
        "name" : "more info",
        "source" : "fa4248665d9ba23.txt",
        "type" : "text/plain",
        "size" : 469
      } ],
      "parameters" : [ ],
      "stepsCount" : 0,
      "attachmentsCount" : 1,
      "shouldDisplayMessage" : true,
      "hasContent" : true
    } ],
    "attachments" : [ {
      "uid" : "2324c5d0abf7cd67",
      "name" : "Screenshot",
      "source" : "2324c5d0abf7cd67.png",
      "type" : "image/png",
      "size" : 80615
    }, {
      "uid" : "11943f36b7d8fb6b",
      "name" : "Browser console logs",
      "source" : "11943f36b7d8fb6b.json",
      "type" : "application/json",
      "size" : 2
    }, {
      "uid" : "47ec5e8387b95ac4",
      "name" : "Page HTML source",
      "source" : "47ec5e8387b95ac4.null",
      "type" : "html",
      "size" : 21966
    }, {
      "uid" : "9e098a2af6390575",
      "name" : "Network Logs",
      "source" : "9e098a2af6390575.json",
      "type" : "application/json",
      "size" : 17
    } ],
    "parameters" : [ ],
    "stepsCount" : 5,
    "attachmentsCount" : 8,
    "shouldDisplayMessage" : true,
    "hasContent" : true
  },
  "afterStages" : [ ],
  "labels" : [ {
    "name" : "framework",
    "value" : "wdio"
  }, {
    "name" : "language",
    "value" : "javascript"
  }, {
    "name" : "thread",
    "value" : "0-53"
  }, {
    "name" : "suite",
    "value" : "WaitUntilSpec of BrowserUtils Tests"
  }, {
    "name" : "testClass",
    "value" : "WaitUntilSpec of BrowserUtils Tests"
  }, {
    "name" : "testMethod",
    "value" : "Validate text not found withing timeout and error message shown "
  }, {
    "name" : "package",
    "value" : "WaitUntilSpec of BrowserUtils Tests"
  }, {
    "name" : "resultFormat",
    "value" : "allure1"
  } ],
  "parameters" : [ {
    "name" : "browser",
    "value" : "chrome-99.0.4844.51"
  } ],
  "links" : [ ],
  "hidden" : false,
  "retry" : false,
  "extra" : {
    "severity" : "normal",
    "retries" : [ ],
    "categories" : [ {
      "name" : "Product defects",
      "matchedStatuses" : [ ],
      "flaky" : false
    } ],
    "history" : {
      "statistic" : {
        "failed" : 3,
        "broken" : 0,
        "skipped" : 0,
        "passed" : 0,
        "unknown" : 0,
        "total" : 3
      },
      "items" : [ {
        "uid" : "5662e8f6e12f844c",
        "reportUrl" : "https://cloudinary.github.io/wdio-allure-ts/275//#testresult/5662e8f6e12f844c",
        "status" : "failed",
        "statusDetails" : "expected [Function] to throw Error      \n                      actual expected\n                      \n                      undefined'function Error() { [native code] }'\n                      ",
        "time" : {
          "start" : 1646930171472,
          "stop" : 1646930172184,
          "duration" : 712
        }
      }, {
        "uid" : "f5d122dc77145c74",
        "reportUrl" : "https://cloudinary.github.io/wdio-allure-ts/274//#testresult/f5d122dc77145c74",
        "status" : "failed",
        "statusDetails" : "expected [Function] to throw Error      \n                      actual expected\n                      \n                      undefined'function Error() { [native code] }'\n                      ",
        "time" : {
          "start" : 1646927591557,
          "stop" : 1646927592535,
          "duration" : 978
        }
      } ]
    },
    "tags" : [ ]
  },
  "source" : "5f3d24d4784c4daa.json",
  "parameterValues" : [ "chrome-99.0.4844.51" ]
}