{
  "uid" : "6798318ef316dc40",
  "name" : "displayed element",
  "fullName" : "waitForDisplayed - reverse: true.displayed element",
  "historyId" : "a3d4fca35e68520a3605b3f48ea43843",
  "time" : {
    "start" : 1646930447844,
    "stop" : 1646930449376,
    "duration" : 1532
  },
  "description" : "",
  "descriptionHtml" : "",
  "status" : "failed",
  "statusMessage" : "expected [Function] to throw Error      \n                      actual expected\n                      \n                      undefined'function Error() { [native code] }'\n                      ",
  "statusTrace" : "AssertionError: expected [Function] to throw Error\n                    at Context.<anonymous> (/home/runner/work/wdio-allure-ts/wdio-allure-ts/src/test/specs/NotVisibleSpec.ts:16:16)\n                    at Context.executeAsync (/home/runner/work/wdio-allure-ts/wdio-allure-ts/node_modules/@wdio/utils/build/shim.js:331:27)\n                    at Context.testFrameworkFnWrapper (/home/runner/work/wdio-allure-ts/wdio-allure-ts/node_modules/@wdio/utils/build/test-framework/testFnWrapper.js:45:32)\n                    at processTicksAndRejections (internal/process/task_queues.js:93:5)",
  "flaky" : false,
  "newFailed" : false,
  "beforeStages" : [ ],
  "testStage" : {
    "status" : "failed",
    "statusMessage" : "expected [Function] to throw Error      \n                      actual expected\n                      \n                      undefined'function Error() { [native code] }'\n                      ",
    "statusTrace" : "AssertionError: expected [Function] to throw Error\n                    at Context.<anonymous> (/home/runner/work/wdio-allure-ts/wdio-allure-ts/src/test/specs/NotVisibleSpec.ts:16:16)\n                    at Context.executeAsync (/home/runner/work/wdio-allure-ts/wdio-allure-ts/node_modules/@wdio/utils/build/shim.js:331:27)\n                    at Context.testFrameworkFnWrapper (/home/runner/work/wdio-allure-ts/wdio-allure-ts/node_modules/@wdio/utils/build/test-framework/testFnWrapper.js:45:32)\n                    at processTicksAndRejections (internal/process/task_queues.js:93:5)",
    "steps" : [ {
      "name" : "\"before each\" hook for waitForDisplayed - reverse: true",
      "time" : {
        "start" : 1646930447845,
        "stop" : 1646930448537,
        "duration" : 692
      },
      "status" : "passed",
      "steps" : [ {
        "name" : "[STEP] - Navigate to sample app",
        "time" : {
          "start" : 1646930448429,
          "stop" : 1646930448431,
          "duration" : 2
        },
        "status" : "passed",
        "steps" : [ ],
        "attachments" : [ {
          "uid" : "337e78a39d689dd8",
          "name" : "more info",
          "source" : "337e78a39d689dd8.txt",
          "type" : "text/plain",
          "size" : 117
        } ],
        "parameters" : [ ],
        "stepsCount" : 0,
        "attachmentsCount" : 1,
        "shouldDisplayMessage" : false,
        "hasContent" : true
      }, {
        "name" : "[STEP] - Wait for sample app to load",
        "time" : {
          "start" : 1646930448536,
          "stop" : 1646930448537,
          "duration" : 1
        },
        "status" : "passed",
        "steps" : [ ],
        "attachments" : [ {
          "uid" : "85af90f5ee1887bb",
          "name" : "more info",
          "source" : "85af90f5ee1887bb.txt",
          "type" : "text/plain",
          "size" : 136
        } ],
        "parameters" : [ ],
        "stepsCount" : 0,
        "attachmentsCount" : 1,
        "shouldDisplayMessage" : false,
        "hasContent" : true
      } ],
      "attachments" : [ ],
      "parameters" : [ ],
      "stepsCount" : 2,
      "attachmentsCount" : 2,
      "shouldDisplayMessage" : false,
      "hasContent" : true
    }, {
      "name" : "[DEBUG] - Wait for an element to be visible '//*[@data-test='visible-btn']'",
      "time" : {
        "start" : 1646930448555,
        "stop" : 1646930448555,
        "duration" : 0
      },
      "status" : "passed",
      "steps" : [ ],
      "attachments" : [ {
        "uid" : "b0bdb20ee883612b",
        "name" : "more info",
        "source" : "b0bdb20ee883612b.txt",
        "type" : "text/plain",
        "size" : 93
      } ],
      "parameters" : [ ],
      "stepsCount" : 0,
      "attachmentsCount" : 1,
      "shouldDisplayMessage" : false,
      "hasContent" : true
    }, {
      "name" : "[STEP] - Wait for element to be displayed",
      "time" : {
        "start" : 1646930449344,
        "stop" : 1646930449344,
        "duration" : 0
      },
      "status" : "failed",
      "statusMessage" : "AssertionError: expected [Function] to throw Error\n                    at Context.<anonymous> (/home/runner/work/wdio-allure-ts/wdio-allure-ts/src/test/specs/NotVisibleSpec.ts:16:16)\n                    at Context.executeAsync (/home/runner/work/wdio-allure-ts/wdio-allure-ts/node_modules/@wdio/utils/build/shim.js:331:27)\n                    at Context.testFrameworkFnWrapper (/home/runner/work/wdio-allure-ts/wdio-allure-ts/node_modules/@wdio/utils/build/test-framework/testFnWrapper.js:45:32)\n                    at processTicksAndRejections (internal/process/task_queues.js:93:5)",
      "steps" : [ ],
      "attachments" : [ {
        "uid" : "925687a6c0b4fec4",
        "name" : "more info",
        "source" : "925687a6c0b4fec4.txt",
        "type" : "text/plain",
        "size" : 61
      } ],
      "parameters" : [ ],
      "stepsCount" : 0,
      "attachmentsCount" : 1,
      "shouldDisplayMessage" : true,
      "hasContent" : true
    } ],
    "attachments" : [ {
      "uid" : "49089422156c291c",
      "name" : "Screenshot",
      "source" : "49089422156c291c.png",
      "type" : "image/png",
      "size" : 80615
    }, {
      "uid" : "13d51e0dc4bcd575",
      "name" : "Browser console logs",
      "source" : "13d51e0dc4bcd575.json",
      "type" : "application/json",
      "size" : 2
    }, {
      "uid" : "1e1d1e8a7d8ccce2",
      "name" : "Page HTML source",
      "source" : "1e1d1e8a7d8ccce2.null",
      "type" : "html",
      "size" : 21966
    }, {
      "uid" : "cbfc8fdabbd75cd9",
      "name" : "Network Logs",
      "source" : "cbfc8fdabbd75cd9.json",
      "type" : "application/json",
      "size" : 17
    } ],
    "parameters" : [ ],
    "stepsCount" : 5,
    "attachmentsCount" : 8,
    "shouldDisplayMessage" : true,
    "hasContent" : true
  },
  "afterStages" : [ ],
  "labels" : [ {
    "name" : "framework",
    "value" : "wdio"
  }, {
    "name" : "language",
    "value" : "javascript"
  }, {
    "name" : "thread",
    "value" : "0-34"
  }, {
    "name" : "suite",
    "value" : "waitForDisplayed - reverse: true"
  }, {
    "name" : "testClass",
    "value" : "waitForDisplayed - reverse: true"
  }, {
    "name" : "testMethod",
    "value" : "displayed element"
  }, {
    "name" : "package",
    "value" : "waitForDisplayed - reverse: true"
  }, {
    "name" : "resultFormat",
    "value" : "allure1"
  } ],
  "parameters" : [ {
    "name" : "browser",
    "value" : "chrome-99.0.4844.51"
  } ],
  "links" : [ ],
  "hidden" : false,
  "retry" : false,
  "extra" : {
    "severity" : "normal",
    "retries" : [ ],
    "categories" : [ {
      "name" : "Product defects",
      "matchedStatuses" : [ ],
      "flaky" : false
    } ],
    "history" : {
      "statistic" : {
        "failed" : 3,
        "broken" : 0,
        "skipped" : 0,
        "passed" : 0,
        "unknown" : 0,
        "total" : 3
      },
      "items" : [ {
        "uid" : "68c9ea9845c21387",
        "reportUrl" : "https://cloudinary.github.io/wdio-allure-ts/275//#testresult/68c9ea9845c21387",
        "status" : "failed",
        "statusDetails" : "expected [Function] to throw Error      \n                      actual expected\n                      \n                      undefined'function Error() { [native code] }'\n                      ",
        "time" : {
          "start" : 1646930125762,
          "stop" : 1646930128020,
          "duration" : 2258
        }
      }, {
        "uid" : "8fe9d4ebeee82b2f",
        "reportUrl" : "https://cloudinary.github.io/wdio-allure-ts/274//#testresult/8fe9d4ebeee82b2f",
        "status" : "failed",
        "statusDetails" : "expected [Function] to throw Error      \n                      actual expected\n                      \n                      undefined'function Error() { [native code] }'\n                      ",
        "time" : {
          "start" : 1646927536265,
          "stop" : 1646927538839,
          "duration" : 2574
        }
      } ]
    },
    "tags" : [ ]
  },
  "source" : "6798318ef316dc40.json",
  "parameterValues" : [ "chrome-99.0.4844.51" ]
}