{
  "uid" : "c745a134b9d6fda2",
  "name" : "element disabled",
  "fullName" : "waitForEnabled.element disabled",
  "historyId" : "adc64cf83856e40a8a83d8107c589fc4",
  "time" : {
    "start" : 1646930481963,
    "stop" : 1646930482627,
    "duration" : 664
  },
  "description" : "",
  "descriptionHtml" : "",
  "status" : "failed",
  "statusMessage" : "expected [Function] to throw Error      \n                      actual expected\n                      \n                      undefined'function Error() { [native code] }'\n                      ",
  "statusTrace" : "AssertionError: expected [Function] to throw Error\n                    at Context.<anonymous> (/home/runner/work/wdio-allure-ts/wdio-allure-ts/src/test/specs/WaitForEnabledSpec.ts:19:16)\n                    at Context.executeAsync (/home/runner/work/wdio-allure-ts/wdio-allure-ts/node_modules/@wdio/utils/build/shim.js:331:27)\n                    at Context.testFrameworkFnWrapper (/home/runner/work/wdio-allure-ts/wdio-allure-ts/node_modules/@wdio/utils/build/test-framework/testFnWrapper.js:45:32)\n                    at processTicksAndRejections (internal/process/task_queues.js:93:5)",
  "flaky" : false,
  "newFailed" : false,
  "beforeStages" : [ ],
  "testStage" : {
    "status" : "failed",
    "statusMessage" : "expected [Function] to throw Error      \n                      actual expected\n                      \n                      undefined'function Error() { [native code] }'\n                      ",
    "statusTrace" : "AssertionError: expected [Function] to throw Error\n                    at Context.<anonymous> (/home/runner/work/wdio-allure-ts/wdio-allure-ts/src/test/specs/WaitForEnabledSpec.ts:19:16)\n                    at Context.executeAsync (/home/runner/work/wdio-allure-ts/wdio-allure-ts/node_modules/@wdio/utils/build/shim.js:331:27)\n                    at Context.testFrameworkFnWrapper (/home/runner/work/wdio-allure-ts/wdio-allure-ts/node_modules/@wdio/utils/build/test-framework/testFnWrapper.js:45:32)\n                    at processTicksAndRejections (internal/process/task_queues.js:93:5)",
    "steps" : [ {
      "name" : "\"before each\" hook for waitForEnabled",
      "time" : {
        "start" : 1646930481978,
        "stop" : 1646930482290,
        "duration" : 312
      },
      "status" : "passed",
      "steps" : [ {
        "name" : "[STEP] - Navigate to sample app",
        "time" : {
          "start" : 1646930482181,
          "stop" : 1646930482181,
          "duration" : 0
        },
        "status" : "passed",
        "steps" : [ ],
        "attachments" : [ {
          "uid" : "a0c2ed78038b08e8",
          "name" : "more info",
          "source" : "a0c2ed78038b08e8.txt",
          "type" : "text/plain",
          "size" : 231
        } ],
        "parameters" : [ ],
        "stepsCount" : 0,
        "attachmentsCount" : 1,
        "shouldDisplayMessage" : false,
        "hasContent" : true
      }, {
        "name" : "[STEP] - Wait for sample app to load",
        "time" : {
          "start" : 1646930482290,
          "stop" : 1646930482290,
          "duration" : 0
        },
        "status" : "passed",
        "steps" : [ ],
        "attachments" : [ {
          "uid" : "a3e6bf029502ae95",
          "name" : "more info",
          "source" : "a3e6bf029502ae95.txt",
          "type" : "text/plain",
          "size" : 136
        } ],
        "parameters" : [ ],
        "stepsCount" : 0,
        "attachmentsCount" : 1,
        "shouldDisplayMessage" : false,
        "hasContent" : true
      } ],
      "attachments" : [ ],
      "parameters" : [ ],
      "stepsCount" : 2,
      "attachmentsCount" : 2,
      "shouldDisplayMessage" : false,
      "hasContent" : true
    }, {
      "name" : "[DEBUG] - Wait for an element to be enabled '//button[@id='disabled_button']'",
      "time" : {
        "start" : 1646930482292,
        "stop" : 1646930482292,
        "duration" : 0
      },
      "status" : "passed",
      "steps" : [ ],
      "attachments" : [ {
        "uid" : "98a58a264f57c845",
        "name" : "more info",
        "source" : "98a58a264f57c845.txt",
        "type" : "text/plain",
        "size" : 95
      } ],
      "parameters" : [ ],
      "stepsCount" : 0,
      "attachmentsCount" : 1,
      "shouldDisplayMessage" : false,
      "hasContent" : true
    }, {
      "name" : "[STEP] - disabled element throws an error",
      "time" : {
        "start" : 1646930482609,
        "stop" : 1646930482609,
        "duration" : 0
      },
      "status" : "failed",
      "statusMessage" : "AssertionError: expected [Function] to throw Error\n                    at Context.<anonymous> (/home/runner/work/wdio-allure-ts/wdio-allure-ts/src/test/specs/WaitForEnabledSpec.ts:19:16)\n                    at Context.executeAsync (/home/runner/work/wdio-allure-ts/wdio-allure-ts/node_modules/@wdio/utils/build/shim.js:331:27)\n                    at Context.testFrameworkFnWrapper (/home/runner/work/wdio-allure-ts/wdio-allure-ts/node_modules/@wdio/utils/build/test-framework/testFnWrapper.js:45:32)\n                    at processTicksAndRejections (internal/process/task_queues.js:93:5)",
      "steps" : [ ],
      "attachments" : [ {
        "uid" : "849350df87842d89",
        "name" : "more info",
        "source" : "849350df87842d89.txt",
        "type" : "text/plain",
        "size" : 158
      } ],
      "parameters" : [ ],
      "stepsCount" : 0,
      "attachmentsCount" : 1,
      "shouldDisplayMessage" : true,
      "hasContent" : true
    } ],
    "attachments" : [ {
      "uid" : "fd8192bd56e7df3f",
      "name" : "Screenshot",
      "source" : "fd8192bd56e7df3f.png",
      "type" : "image/png",
      "size" : 144582
    }, {
      "uid" : "a1fc72ad40a820e8",
      "name" : "Browser console logs",
      "source" : "a1fc72ad40a820e8.json",
      "type" : "application/json",
      "size" : 2
    }, {
      "uid" : "bd2a13e5b0897def",
      "name" : "Page HTML source",
      "source" : "bd2a13e5b0897def.null",
      "type" : "html",
      "size" : 21966
    }, {
      "uid" : "608941a3f2538f3b",
      "name" : "Network Logs",
      "source" : "608941a3f2538f3b.json",
      "type" : "application/json",
      "size" : 17
    } ],
    "parameters" : [ ],
    "stepsCount" : 5,
    "attachmentsCount" : 8,
    "shouldDisplayMessage" : true,
    "hasContent" : true
  },
  "afterStages" : [ ],
  "labels" : [ {
    "name" : "framework",
    "value" : "wdio"
  }, {
    "name" : "language",
    "value" : "javascript"
  }, {
    "name" : "thread",
    "value" : "0-52"
  }, {
    "name" : "suite",
    "value" : "waitForEnabled"
  }, {
    "name" : "testClass",
    "value" : "waitForEnabled"
  }, {
    "name" : "testMethod",
    "value" : "element disabled"
  }, {
    "name" : "package",
    "value" : "waitForEnabled"
  }, {
    "name" : "resultFormat",
    "value" : "allure1"
  } ],
  "parameters" : [ {
    "name" : "browser",
    "value" : "chrome-99.0.4844.51"
  } ],
  "links" : [ ],
  "hidden" : false,
  "retry" : false,
  "extra" : {
    "severity" : "normal",
    "retries" : [ ],
    "categories" : [ {
      "name" : "Product defects",
      "matchedStatuses" : [ ],
      "flaky" : false
    } ],
    "history" : {
      "statistic" : {
        "failed" : 3,
        "broken" : 0,
        "skipped" : 0,
        "passed" : 0,
        "unknown" : 0,
        "total" : 3
      },
      "items" : [ {
        "uid" : "8570b5bbb2e5697a",
        "reportUrl" : "https://cloudinary.github.io/wdio-allure-ts/275//#testresult/8570b5bbb2e5697a",
        "status" : "failed",
        "statusDetails" : "expected [Function] to throw Error      \n                      actual expected\n                      \n                      undefined'function Error() { [native code] }'\n                      ",
        "time" : {
          "start" : 1646930169190,
          "stop" : 1646930170673,
          "duration" : 1483
        }
      }, {
        "uid" : "32d9046501eb869f",
        "reportUrl" : "https://cloudinary.github.io/wdio-allure-ts/274//#testresult/32d9046501eb869f",
        "status" : "failed",
        "statusDetails" : "expected [Function] to throw Error      \n                      actual expected\n                      \n                      undefined'function Error() { [native code] }'\n                      ",
        "time" : {
          "start" : 1646927588294,
          "stop" : 1646927590645,
          "duration" : 2351
        }
      } ]
    },
    "tags" : [ ]
  },
  "source" : "c745a134b9d6fda2.json",
  "parameterValues" : [ "chrome-99.0.4844.51" ]
}