{
  "uid" : "d326a3e4db2fce0f",
  "name" : "Expect 0 elements not equals",
  "fullName" : "waitForNumberOfElements.Expect 0 elements not equals",
  "historyId" : "384d3fa0463b13b5d2b040567c47611c",
  "time" : {
    "start" : 1646930405860,
    "stop" : 1646930407188,
    "duration" : 1328
  },
  "description" : "",
  "descriptionHtml" : "",
  "status" : "failed",
  "statusMessage" : "expected [Function] to throw Error      \n                      actual expected\n                      \n                      undefined'function Error() { [native code] }'\n                      ",
  "statusTrace" : "AssertionError: expected [Function] to throw Error\n                    at Context.<anonymous> (/home/runner/work/wdio-allure-ts/wdio-allure-ts/src/test/specs/ExpectNumberOfElementsSpec.ts:29:16)\n                    at Context.executeAsync (/home/runner/work/wdio-allure-ts/wdio-allure-ts/node_modules/@wdio/utils/build/shim.js:331:27)\n                    at Context.testFrameworkFnWrapper (/home/runner/work/wdio-allure-ts/wdio-allure-ts/node_modules/@wdio/utils/build/test-framework/testFnWrapper.js:45:32)\n                    at processTicksAndRejections (internal/process/task_queues.js:93:5)",
  "flaky" : false,
  "newFailed" : false,
  "beforeStages" : [ ],
  "testStage" : {
    "status" : "failed",
    "statusMessage" : "expected [Function] to throw Error      \n                      actual expected\n                      \n                      undefined'function Error() { [native code] }'\n                      ",
    "statusTrace" : "AssertionError: expected [Function] to throw Error\n                    at Context.<anonymous> (/home/runner/work/wdio-allure-ts/wdio-allure-ts/src/test/specs/ExpectNumberOfElementsSpec.ts:29:16)\n                    at Context.executeAsync (/home/runner/work/wdio-allure-ts/wdio-allure-ts/node_modules/@wdio/utils/build/shim.js:331:27)\n                    at Context.testFrameworkFnWrapper (/home/runner/work/wdio-allure-ts/wdio-allure-ts/node_modules/@wdio/utils/build/test-framework/testFnWrapper.js:45:32)\n                    at processTicksAndRejections (internal/process/task_queues.js:93:5)",
    "steps" : [ {
      "name" : "\"before each\" hook for waitForNumberOfElements",
      "time" : {
        "start" : 1646930405860,
        "stop" : 1646930406356,
        "duration" : 496
      },
      "status" : "passed",
      "steps" : [ {
        "name" : "[STEP] - Navigate to sample app",
        "time" : {
          "start" : 1646930406238,
          "stop" : 1646930406238,
          "duration" : 0
        },
        "status" : "passed",
        "steps" : [ ],
        "attachments" : [ {
          "uid" : "f7a3dbf329786817",
          "name" : "more info",
          "source" : "f7a3dbf329786817.txt",
          "type" : "text/plain",
          "size" : 117
        } ],
        "parameters" : [ ],
        "stepsCount" : 0,
        "attachmentsCount" : 1,
        "shouldDisplayMessage" : false,
        "hasContent" : true
      }, {
        "name" : "[STEP] - Wait for sample app to load",
        "time" : {
          "start" : 1646930406355,
          "stop" : 1646930406356,
          "duration" : 1
        },
        "status" : "passed",
        "steps" : [ ],
        "attachments" : [ {
          "uid" : "79dc5d75246a2454",
          "name" : "more info",
          "source" : "79dc5d75246a2454.txt",
          "type" : "text/plain",
          "size" : 136
        } ],
        "parameters" : [ ],
        "stepsCount" : 0,
        "attachmentsCount" : 1,
        "shouldDisplayMessage" : false,
        "hasContent" : true
      } ],
      "attachments" : [ ],
      "parameters" : [ ],
      "stepsCount" : 2,
      "attachmentsCount" : 2,
      "shouldDisplayMessage" : false,
      "hasContent" : true
    }, {
      "name" : "[DEBUG] - Wait for number '0' of elements by selector '//*[@id=\"selection_list\"]//option'",
      "time" : {
        "start" : 1646930406356,
        "stop" : 1646930406357,
        "duration" : 1
      },
      "status" : "passed",
      "steps" : [ ],
      "attachments" : [ {
        "uid" : "257de0c17f6041dd",
        "name" : "more info",
        "source" : "257de0c17f6041dd.txt",
        "type" : "text/plain",
        "size" : 107
      } ],
      "parameters" : [ ],
      "stepsCount" : 0,
      "attachmentsCount" : 1,
      "shouldDisplayMessage" : false,
      "hasContent" : true
    }, {
      "name" : "[STEP] - Number of elements is 0 throws an error",
      "time" : {
        "start" : 1646930407187,
        "stop" : 1646930407187,
        "duration" : 0
      },
      "status" : "failed",
      "statusMessage" : "AssertionError: expected [Function] to throw Error\n                    at Context.<anonymous> (/home/runner/work/wdio-allure-ts/wdio-allure-ts/src/test/specs/ExpectNumberOfElementsSpec.ts:29:16)\n                    at Context.executeAsync (/home/runner/work/wdio-allure-ts/wdio-allure-ts/node_modules/@wdio/utils/build/shim.js:331:27)\n                    at Context.testFrameworkFnWrapper (/home/runner/work/wdio-allure-ts/wdio-allure-ts/node_modules/@wdio/utils/build/test-framework/testFnWrapper.js:45:32)\n                    at processTicksAndRejections (internal/process/task_queues.js:93:5)",
      "steps" : [ ],
      "attachments" : [ {
        "uid" : "b0aeb9047dd90fa8",
        "name" : "more info",
        "source" : "b0aeb9047dd90fa8.txt",
        "type" : "text/plain",
        "size" : 167
      } ],
      "parameters" : [ ],
      "stepsCount" : 0,
      "attachmentsCount" : 1,
      "shouldDisplayMessage" : true,
      "hasContent" : true
    } ],
    "attachments" : [ {
      "uid" : "ef4527189a44fdfe",
      "name" : "Screenshot",
      "source" : "ef4527189a44fdfe.png",
      "type" : "image/png",
      "size" : 80615
    }, {
      "uid" : "b82373b1c7121266",
      "name" : "Browser console logs",
      "source" : "b82373b1c7121266.json",
      "type" : "application/json",
      "size" : 2
    }, {
      "uid" : "ac7ee2a57ee641f5",
      "name" : "Page HTML source",
      "source" : "ac7ee2a57ee641f5.null",
      "type" : "html",
      "size" : 21966
    }, {
      "uid" : "686f08f4ce578b6a",
      "name" : "Network Logs",
      "source" : "686f08f4ce578b6a.json",
      "type" : "application/json",
      "size" : 17
    } ],
    "parameters" : [ ],
    "stepsCount" : 5,
    "attachmentsCount" : 8,
    "shouldDisplayMessage" : true,
    "hasContent" : true
  },
  "afterStages" : [ ],
  "labels" : [ {
    "name" : "framework",
    "value" : "wdio"
  }, {
    "name" : "language",
    "value" : "javascript"
  }, {
    "name" : "thread",
    "value" : "0-14"
  }, {
    "name" : "suite",
    "value" : "waitForNumberOfElements"
  }, {
    "name" : "testClass",
    "value" : "waitForNumberOfElements"
  }, {
    "name" : "testMethod",
    "value" : "Expect 0 elements not equals"
  }, {
    "name" : "package",
    "value" : "waitForNumberOfElements"
  }, {
    "name" : "resultFormat",
    "value" : "allure1"
  } ],
  "parameters" : [ {
    "name" : "browser",
    "value" : "chrome-99.0.4844.51"
  } ],
  "links" : [ ],
  "hidden" : false,
  "retry" : false,
  "extra" : {
    "severity" : "normal",
    "retries" : [ ],
    "categories" : [ {
      "name" : "Product defects",
      "matchedStatuses" : [ ],
      "flaky" : false
    } ],
    "history" : {
      "statistic" : {
        "failed" : 3,
        "broken" : 0,
        "skipped" : 0,
        "passed" : 0,
        "unknown" : 0,
        "total" : 3
      },
      "items" : [ {
        "uid" : "e346a6bc634feb4e",
        "reportUrl" : "https://cloudinary.github.io/wdio-allure-ts/275//#testresult/e346a6bc634feb4e",
        "status" : "failed",
        "statusDetails" : "expected [Function] to throw Error      \n                      actual expected\n                      \n                      undefined'function Error() { [native code] }'\n                      ",
        "time" : {
          "start" : 1646930076167,
          "stop" : 1646930078294,
          "duration" : 2127
        }
      }, {
        "uid" : "e7f7be6c3c7ca803",
        "reportUrl" : "https://cloudinary.github.io/wdio-allure-ts/274//#testresult/e7f7be6c3c7ca803",
        "status" : "failed",
        "statusDetails" : "expected [Function] to throw Error      \n                      actual expected\n                      \n                      undefined'function Error() { [native code] }'\n                      ",
        "time" : {
          "start" : 1646927483237,
          "stop" : 1646927485367,
          "duration" : 2130
        }
      } ]
    },
    "tags" : [ ]
  },
  "source" : "d326a3e4db2fce0f.json",
  "parameterValues" : [ "chrome-99.0.4844.51" ]
}