{
  "uid" : "eba1d9d74d25ddb1",
  "name" : "Validate text found within default timeout ",
  "fullName" : "WaitUntilSpec of BrowserUtils Tests.Validate text found within default timeout ",
  "historyId" : "792cc4c83e6a8748f108da117b13cd6c",
  "time" : {
    "start" : 1646930482528,
    "stop" : 1646930483300,
    "duration" : 772
  },
  "description" : "",
  "descriptionHtml" : "",
  "status" : "failed",
  "statusMessage" : "expected {} to be true      \n                      actual expected\n                      \n                      Promise [Promise] {}true\n                      ",
  "statusTrace" : "AssertionError: expected {} to be true\n                    at Context.<anonymous> (/home/runner/work/wdio-allure-ts/wdio-allure-ts/src/test/specs/WaitUntilSpec.ts:50:12)\n                    at Context.executeAsync (/home/runner/work/wdio-allure-ts/wdio-allure-ts/node_modules/@wdio/utils/build/shim.js:331:27)\n                    at Context.testFrameworkFnWrapper (/home/runner/work/wdio-allure-ts/wdio-allure-ts/node_modules/@wdio/utils/build/test-framework/testFnWrapper.js:45:32)\n                    at processTicksAndRejections (internal/process/task_queues.js:93:5)",
  "flaky" : false,
  "newFailed" : false,
  "beforeStages" : [ ],
  "testStage" : {
    "status" : "failed",
    "statusMessage" : "expected {} to be true      \n                      actual expected\n                      \n                      Promise [Promise] {}true\n                      ",
    "statusTrace" : "AssertionError: expected {} to be true\n                    at Context.<anonymous> (/home/runner/work/wdio-allure-ts/wdio-allure-ts/src/test/specs/WaitUntilSpec.ts:50:12)\n                    at Context.executeAsync (/home/runner/work/wdio-allure-ts/wdio-allure-ts/node_modules/@wdio/utils/build/shim.js:331:27)\n                    at Context.testFrameworkFnWrapper (/home/runner/work/wdio-allure-ts/wdio-allure-ts/node_modules/@wdio/utils/build/test-framework/testFnWrapper.js:45:32)\n                    at processTicksAndRejections (internal/process/task_queues.js:93:5)",
    "steps" : [ {
      "name" : "\"before each\" hook for WaitUntilSpec of BrowserUtils Tests",
      "time" : {
        "start" : 1646930482528,
        "stop" : 1646930482795,
        "duration" : 267
      },
      "status" : "passed",
      "steps" : [ {
        "name" : "[STEP] - Navigate to sample app",
        "time" : {
          "start" : 1646930482651,
          "stop" : 1646930482651,
          "duration" : 0
        },
        "status" : "passed",
        "steps" : [ ],
        "attachments" : [ {
          "uid" : "3f6bdd73c8564b96",
          "name" : "more info",
          "source" : "3f6bdd73c8564b96.txt",
          "type" : "text/plain",
          "size" : 308
        } ],
        "parameters" : [ ],
        "stepsCount" : 0,
        "attachmentsCount" : 1,
        "shouldDisplayMessage" : false,
        "hasContent" : true
      }, {
        "name" : "[STEP] - Wait for sample app to load",
        "time" : {
          "start" : 1646930482794,
          "stop" : 1646930482794,
          "duration" : 0
        },
        "status" : "passed",
        "steps" : [ ],
        "attachments" : [ {
          "uid" : "45a3495391d8e51f",
          "name" : "more info",
          "source" : "45a3495391d8e51f.txt",
          "type" : "text/plain",
          "size" : 136
        } ],
        "parameters" : [ ],
        "stepsCount" : 0,
        "attachmentsCount" : 1,
        "shouldDisplayMessage" : false,
        "hasContent" : true
      } ],
      "attachments" : [ ],
      "parameters" : [ ],
      "stepsCount" : 2,
      "attachmentsCount" : 2,
      "shouldDisplayMessage" : false,
      "hasContent" : true
    }, {
      "name" : "[DEBUG] - Wait for an element to be visible '//*[@data-test='text-field-wu']'",
      "time" : {
        "start" : 1646930482795,
        "stop" : 1646930482795,
        "duration" : 0
      },
      "status" : "passed",
      "steps" : [ ],
      "attachments" : [ {
        "uid" : "8be6569bb529fdb8",
        "name" : "more info",
        "source" : "8be6569bb529fdb8.txt",
        "type" : "text/plain",
        "size" : 95
      } ],
      "parameters" : [ ],
      "stepsCount" : 0,
      "attachmentsCount" : 1,
      "shouldDisplayMessage" : false,
      "hasContent" : true
    }, {
      "name" : "[STEP] - Validate success within default timeout",
      "time" : {
        "start" : 1646930483298,
        "stop" : 1646930483298,
        "duration" : 0
      },
      "status" : "failed",
      "statusMessage" : "AssertionError: expected {} to be true\n                    at Context.<anonymous> (/home/runner/work/wdio-allure-ts/wdio-allure-ts/src/test/specs/WaitUntilSpec.ts:50:12)\n                    at Context.executeAsync (/home/runner/work/wdio-allure-ts/wdio-allure-ts/node_modules/@wdio/utils/build/shim.js:331:27)\n                    at Context.testFrameworkFnWrapper (/home/runner/work/wdio-allure-ts/wdio-allure-ts/node_modules/@wdio/utils/build/test-framework/testFnWrapper.js:45:32)\n                    at processTicksAndRejections (internal/process/task_queues.js:93:5)",
      "steps" : [ ],
      "attachments" : [ {
        "uid" : "b823c96033e1af0d",
        "name" : "more info",
        "source" : "b823c96033e1af0d.txt",
        "type" : "text/plain",
        "size" : 653
      } ],
      "parameters" : [ ],
      "stepsCount" : 0,
      "attachmentsCount" : 1,
      "shouldDisplayMessage" : true,
      "hasContent" : true
    }, {
      "name" : "[DEBUG] - Get element's text by selector '//*[@data-test='text-field-wu']'",
      "time" : {
        "start" : 1646930483300,
        "stop" : 1646930483300,
        "duration" : 0
      },
      "status" : "passed",
      "steps" : [ ],
      "attachments" : [ {
        "uid" : "25bcf2a7b8414dee",
        "name" : "more info",
        "source" : "25bcf2a7b8414dee.txt",
        "type" : "text/plain",
        "size" : 92
      } ],
      "parameters" : [ ],
      "stepsCount" : 0,
      "attachmentsCount" : 1,
      "shouldDisplayMessage" : false,
      "hasContent" : true
    }, {
      "name" : "[DEBUG] - Get element's text by selector '//*[@id='WaitUntilSection']/header/h1'",
      "time" : {
        "start" : 1646930483302,
        "stop" : 1646930483303,
        "duration" : 1
      },
      "status" : "passed",
      "steps" : [ ],
      "attachments" : [ {
        "uid" : "d71553fe4ab6b8ca",
        "name" : "more info",
        "source" : "d71553fe4ab6b8ca.txt",
        "type" : "text/plain",
        "size" : 98
      } ],
      "parameters" : [ ],
      "stepsCount" : 0,
      "attachmentsCount" : 1,
      "shouldDisplayMessage" : false,
      "hasContent" : true
    }, {
      "name" : "[DEBUG] - Wait for an element to be visible '//*[@data-test='text-field-wu']'",
      "time" : {
        "start" : 1646930483303,
        "stop" : 1646930483303,
        "duration" : 0
      },
      "status" : "passed",
      "steps" : [ ],
      "attachments" : [ {
        "uid" : "9a4a671aac366205",
        "name" : "more info",
        "source" : "9a4a671aac366205.txt",
        "type" : "text/plain",
        "size" : 95
      } ],
      "parameters" : [ ],
      "stepsCount" : 0,
      "attachmentsCount" : 1,
      "shouldDisplayMessage" : false,
      "hasContent" : true
    } ],
    "attachments" : [ {
      "uid" : "4ea8e98035ebe8ae",
      "name" : "Screenshot",
      "source" : "4ea8e98035ebe8ae.png",
      "type" : "image/png",
      "size" : 315605
    }, {
      "uid" : "ec4e414d544efd7e",
      "name" : "Browser console logs",
      "source" : "ec4e414d544efd7e.json",
      "type" : "application/json",
      "size" : 2
    }, {
      "uid" : "3279118621af06ff",
      "name" : "Page HTML source",
      "source" : "3279118621af06ff.null",
      "type" : "html",
      "size" : 21966
    }, {
      "uid" : "74506e5b842ed5a0",
      "name" : "Network Logs",
      "source" : "74506e5b842ed5a0.json",
      "type" : "application/json",
      "size" : 17
    } ],
    "parameters" : [ ],
    "stepsCount" : 8,
    "attachmentsCount" : 11,
    "shouldDisplayMessage" : true,
    "hasContent" : true
  },
  "afterStages" : [ ],
  "labels" : [ {
    "name" : "framework",
    "value" : "wdio"
  }, {
    "name" : "language",
    "value" : "javascript"
  }, {
    "name" : "thread",
    "value" : "0-53"
  }, {
    "name" : "suite",
    "value" : "WaitUntilSpec of BrowserUtils Tests"
  }, {
    "name" : "testClass",
    "value" : "WaitUntilSpec of BrowserUtils Tests"
  }, {
    "name" : "testMethod",
    "value" : "Validate text found within default timeout "
  }, {
    "name" : "package",
    "value" : "WaitUntilSpec of BrowserUtils Tests"
  }, {
    "name" : "resultFormat",
    "value" : "allure1"
  } ],
  "parameters" : [ {
    "name" : "browser",
    "value" : "chrome-99.0.4844.51"
  } ],
  "links" : [ ],
  "hidden" : false,
  "retry" : false,
  "extra" : {
    "severity" : "normal",
    "retries" : [ ],
    "categories" : [ {
      "name" : "Product defects",
      "matchedStatuses" : [ ],
      "flaky" : false
    } ],
    "history" : {
      "statistic" : {
        "failed" : 3,
        "broken" : 0,
        "skipped" : 0,
        "passed" : 0,
        "unknown" : 0,
        "total" : 3
      },
      "items" : [ {
        "uid" : "13c62a05f8e517b7",
        "reportUrl" : "https://cloudinary.github.io/wdio-allure-ts/275//#testresult/13c62a05f8e517b7",
        "status" : "failed",
        "statusDetails" : "expected {} to be true      \n                      actual expected\n                      \n                      Promise [Promise] {}true\n                      ",
        "time" : {
          "start" : 1646930172185,
          "stop" : 1646930172824,
          "duration" : 639
        }
      }, {
        "uid" : "7c9eda9ba8a190c9",
        "reportUrl" : "https://cloudinary.github.io/wdio-allure-ts/274//#testresult/7c9eda9ba8a190c9",
        "status" : "failed",
        "statusDetails" : "expected {} to be true      \n                      actual expected\n                      \n                      Promise [Promise] {}true\n                      ",
        "time" : {
          "start" : 1646927592543,
          "stop" : 1646927593349,
          "duration" : 806
        }
      } ]
    },
    "tags" : [ ]
  },
  "source" : "eba1d9d74d25ddb1.json",
  "parameterValues" : [ "chrome-99.0.4844.51" ]
}