{
  "uid" : "f959b9ce44e18f1e",
  "name" : "fail on existing element",
  "fullName" : "waitForExist reverse:true.fail on existing element",
  "historyId" : "aa9123d0e87e4c08d95da08d9153e973",
  "time" : {
    "start" : 1646930446403,
    "stop" : 1646930448387,
    "duration" : 1984
  },
  "description" : "",
  "descriptionHtml" : "",
  "status" : "failed",
  "statusMessage" : "expected [Function] to throw Error      \n                      actual expected\n                      \n                      undefined'function Error() { [native code] }'\n                      ",
  "statusTrace" : "AssertionError: expected [Function] to throw Error\n                    at Context.<anonymous> (/home/runner/work/wdio-allure-ts/wdio-allure-ts/src/test/specs/NotExistSpec.ts:21:16)\n                    at Context.executeAsync (/home/runner/work/wdio-allure-ts/wdio-allure-ts/node_modules/@wdio/utils/build/shim.js:331:27)\n                    at Context.testFrameworkFnWrapper (/home/runner/work/wdio-allure-ts/wdio-allure-ts/node_modules/@wdio/utils/build/test-framework/testFnWrapper.js:45:32)\n                    at processTicksAndRejections (internal/process/task_queues.js:93:5)",
  "flaky" : false,
  "newFailed" : false,
  "beforeStages" : [ ],
  "testStage" : {
    "status" : "failed",
    "statusMessage" : "expected [Function] to throw Error      \n                      actual expected\n                      \n                      undefined'function Error() { [native code] }'\n                      ",
    "statusTrace" : "AssertionError: expected [Function] to throw Error\n                    at Context.<anonymous> (/home/runner/work/wdio-allure-ts/wdio-allure-ts/src/test/specs/NotExistSpec.ts:21:16)\n                    at Context.executeAsync (/home/runner/work/wdio-allure-ts/wdio-allure-ts/node_modules/@wdio/utils/build/shim.js:331:27)\n                    at Context.testFrameworkFnWrapper (/home/runner/work/wdio-allure-ts/wdio-allure-ts/node_modules/@wdio/utils/build/test-framework/testFnWrapper.js:45:32)\n                    at processTicksAndRejections (internal/process/task_queues.js:93:5)",
    "steps" : [ {
      "name" : "\"before each\" hook for waitForExist reverse:true",
      "time" : {
        "start" : 1646930446403,
        "stop" : 1646930447052,
        "duration" : 649
      },
      "status" : "passed",
      "steps" : [ {
        "name" : "[STEP] - Navigate to sample app",
        "time" : {
          "start" : 1646930446936,
          "stop" : 1646930446936,
          "duration" : 0
        },
        "status" : "passed",
        "steps" : [ ],
        "attachments" : [ {
          "uid" : "3934782f33d1f3f4",
          "name" : "more info",
          "source" : "3934782f33d1f3f4.txt",
          "type" : "text/plain",
          "size" : 117
        } ],
        "parameters" : [ ],
        "stepsCount" : 0,
        "attachmentsCount" : 1,
        "shouldDisplayMessage" : false,
        "hasContent" : true
      }, {
        "name" : "[STEP] - Wait for sample app to load",
        "time" : {
          "start" : 1646930447052,
          "stop" : 1646930447052,
          "duration" : 0
        },
        "status" : "passed",
        "steps" : [ ],
        "attachments" : [ {
          "uid" : "b416250f6793f174",
          "name" : "more info",
          "source" : "b416250f6793f174.txt",
          "type" : "text/plain",
          "size" : 136
        } ],
        "parameters" : [ ],
        "stepsCount" : 0,
        "attachmentsCount" : 1,
        "shouldDisplayMessage" : false,
        "hasContent" : true
      } ],
      "attachments" : [ ],
      "parameters" : [ ],
      "stepsCount" : 2,
      "attachmentsCount" : 2,
      "shouldDisplayMessage" : false,
      "hasContent" : true
    }, {
      "name" : "[DEBUG] - Expect an element exist '//button[@id='existing-button']'",
      "time" : {
        "start" : 1646930447074,
        "stop" : 1646930447075,
        "duration" : 1
      },
      "status" : "passed",
      "steps" : [ ],
      "attachments" : [ {
        "uid" : "5617e162ccecd0e2",
        "name" : "more info",
        "source" : "5617e162ccecd0e2.txt",
        "type" : "text/plain",
        "size" : 85
      } ],
      "parameters" : [ ],
      "stepsCount" : 0,
      "attachmentsCount" : 1,
      "shouldDisplayMessage" : false,
      "hasContent" : true
    }, {
      "name" : "[STEP] - existing element throws an error",
      "time" : {
        "start" : 1646930448346,
        "stop" : 1646930448346,
        "duration" : 0
      },
      "status" : "failed",
      "statusMessage" : "AssertionError: expected [Function] to throw Error\n                    at Context.<anonymous> (/home/runner/work/wdio-allure-ts/wdio-allure-ts/src/test/specs/NotExistSpec.ts:21:16)\n                    at Context.executeAsync (/home/runner/work/wdio-allure-ts/wdio-allure-ts/node_modules/@wdio/utils/build/shim.js:331:27)\n                    at Context.testFrameworkFnWrapper (/home/runner/work/wdio-allure-ts/wdio-allure-ts/node_modules/@wdio/utils/build/test-framework/testFnWrapper.js:45:32)\n                    at processTicksAndRejections (internal/process/task_queues.js:93:5)",
      "steps" : [ ],
      "attachments" : [ {
        "uid" : "9fc6db546ed7a7f8",
        "name" : "more info",
        "source" : "9fc6db546ed7a7f8.txt",
        "type" : "text/plain",
        "size" : 61
      } ],
      "parameters" : [ ],
      "stepsCount" : 0,
      "attachmentsCount" : 1,
      "shouldDisplayMessage" : true,
      "hasContent" : true
    } ],
    "attachments" : [ {
      "uid" : "d923aabed35ca4f",
      "name" : "Screenshot",
      "source" : "d923aabed35ca4f.png",
      "type" : "image/png",
      "size" : 83230
    }, {
      "uid" : "b792c7140ca0bd04",
      "name" : "Browser console logs",
      "source" : "b792c7140ca0bd04.json",
      "type" : "application/json",
      "size" : 2
    }, {
      "uid" : "a2eff18397248f84",
      "name" : "Page HTML source",
      "source" : "a2eff18397248f84.null",
      "type" : "html",
      "size" : 21966
    }, {
      "uid" : "404a11d781b28ab0",
      "name" : "Network Logs",
      "source" : "404a11d781b28ab0.json",
      "type" : "application/json",
      "size" : 17
    } ],
    "parameters" : [ ],
    "stepsCount" : 5,
    "attachmentsCount" : 8,
    "shouldDisplayMessage" : true,
    "hasContent" : true
  },
  "afterStages" : [ ],
  "labels" : [ {
    "name" : "framework",
    "value" : "wdio"
  }, {
    "name" : "language",
    "value" : "javascript"
  }, {
    "name" : "thread",
    "value" : "0-33"
  }, {
    "name" : "suite",
    "value" : "waitForExist reverse:true"
  }, {
    "name" : "testClass",
    "value" : "waitForExist reverse:true"
  }, {
    "name" : "testMethod",
    "value" : "fail on existing element"
  }, {
    "name" : "package",
    "value" : "waitForExist reverse:true"
  }, {
    "name" : "resultFormat",
    "value" : "allure1"
  } ],
  "parameters" : [ {
    "name" : "browser",
    "value" : "chrome-99.0.4844.51"
  } ],
  "links" : [ ],
  "hidden" : false,
  "retry" : false,
  "extra" : {
    "severity" : "normal",
    "retries" : [ ],
    "categories" : [ {
      "name" : "Product defects",
      "matchedStatuses" : [ ],
      "flaky" : false
    } ],
    "history" : {
      "statistic" : {
        "failed" : 3,
        "broken" : 0,
        "skipped" : 0,
        "passed" : 0,
        "unknown" : 0,
        "total" : 3
      },
      "items" : [ {
        "uid" : "f0d34662876dd899",
        "reportUrl" : "https://cloudinary.github.io/wdio-allure-ts/275//#testresult/f0d34662876dd899",
        "status" : "failed",
        "statusDetails" : "expected [Function] to throw Error      \n                      actual expected\n                      \n                      undefined'function Error() { [native code] }'\n                      ",
        "time" : {
          "start" : 1646930125172,
          "stop" : 1646930127879,
          "duration" : 2707
        }
      }, {
        "uid" : "ec13eec0ca7db095",
        "reportUrl" : "https://cloudinary.github.io/wdio-allure-ts/274//#testresult/ec13eec0ca7db095",
        "status" : "failed",
        "statusDetails" : "expected [Function] to throw Error      \n                      actual expected\n                      \n                      undefined'function Error() { [native code] }'\n                      ",
        "time" : {
          "start" : 1646927537415,
          "stop" : 1646927540045,
          "duration" : 2630
        }
      } ]
    },
    "tags" : [ ]
  },
  "source" : "f959b9ce44e18f1e.json",
  "parameterValues" : [ "chrome-99.0.4844.51" ]
}