2022-11-28 08:31:57 [STEP] Navigate to sample app 
2022-11-28 08:31:57 [DEBUG] Navigate to 'http://host.docker.internal:8000/' 
2022-11-28 08:31:58 [ERROR] AssertionError: Failed to navigate to 'http://host.docker.internal:8000/' 
 unknown error: unknown error: net::ERR_NAME_NOT_RESOLVED
  (Session info: headless chrome=107.0.5304.87) 
