{
  "uid" : "9ba27f0b5a115b0",
  "name" : "incorrect selector",
  "fullName" : "waitForAttributeValue.incorrect selector",
  "historyId" : "e98ff9ab07a859f604a2fe32e5374d55",
  "time" : {
    "start" : 1646927480475,
    "stop" : 1646927483125,
    "duration" : 2650
  },
  "description" : "",
  "descriptionHtml" : "",
  "status" : "failed",
  "statusMessage" : "expected [Function] to throw Error      \n                      actual expected\n                      \n                      undefined'function Error() { [native code] }'\n                      ",
  "statusTrace" : "AssertionError: expected [Function] to throw Error\n                    at Context.<anonymous> (/home/runner/work/wdio-allure-ts/wdio-allure-ts/src/test/specs/ExpectAttributeValueSpec.ts:33:16)\n                    at Context.executeAsync (/home/runner/work/wdio-allure-ts/wdio-allure-ts/node_modules/@wdio/utils/build/shim.js:331:27)\n                    at Context.testFrameworkFnWrapper (/home/runner/work/wdio-allure-ts/wdio-allure-ts/node_modules/@wdio/utils/build/test-framework/testFnWrapper.js:45:32)\n                    at processTicksAndRejections (internal/process/task_queues.js:93:5)",
  "flaky" : false,
  "newFailed" : false,
  "beforeStages" : [ ],
  "testStage" : {
    "status" : "failed",
    "statusMessage" : "expected [Function] to throw Error      \n                      actual expected\n                      \n                      undefined'function Error() { [native code] }'\n                      ",
    "statusTrace" : "AssertionError: expected [Function] to throw Error\n                    at Context.<anonymous> (/home/runner/work/wdio-allure-ts/wdio-allure-ts/src/test/specs/ExpectAttributeValueSpec.ts:33:16)\n                    at Context.executeAsync (/home/runner/work/wdio-allure-ts/wdio-allure-ts/node_modules/@wdio/utils/build/shim.js:331:27)\n                    at Context.testFrameworkFnWrapper (/home/runner/work/wdio-allure-ts/wdio-allure-ts/node_modules/@wdio/utils/build/test-framework/testFnWrapper.js:45:32)\n                    at processTicksAndRejections (internal/process/task_queues.js:93:5)",
    "steps" : [ {
      "name" : "\"before each\" hook for waitForAttributeValue",
      "time" : {
        "start" : 1646927480477,
        "stop" : 1646927481381,
        "duration" : 904
      },
      "status" : "passed",
      "steps" : [ {
        "name" : "[STEP] - Navigate to sample app",
        "time" : {
          "start" : 1646927481113,
          "stop" : 1646927481114,
          "duration" : 1
        },
        "status" : "passed",
        "steps" : [ ],
        "attachments" : [ {
          "uid" : "633397c067f04371",
          "name" : "more info",
          "source" : "633397c067f04371.txt",
          "type" : "text/plain",
          "size" : 216
        } ],
        "parameters" : [ ],
        "stepsCount" : 0,
        "attachmentsCount" : 1,
        "shouldDisplayMessage" : false,
        "hasContent" : true
      }, {
        "name" : "[STEP] - Wait for sample app to load",
        "time" : {
          "start" : 1646927481381,
          "stop" : 1646927481381,
          "duration" : 0
        },
        "status" : "passed",
        "steps" : [ ],
        "attachments" : [ {
          "uid" : "43307b0262bc10d0",
          "name" : "more info",
          "source" : "43307b0262bc10d0.txt",
          "type" : "text/plain",
          "size" : 235
        } ],
        "parameters" : [ ],
        "stepsCount" : 0,
        "attachmentsCount" : 1,
        "shouldDisplayMessage" : false,
        "hasContent" : true
      } ],
      "attachments" : [ ],
      "parameters" : [ ],
      "stepsCount" : 2,
      "attachmentsCount" : 2,
      "shouldDisplayMessage" : false,
      "hasContent" : true
    }, {
      "name" : "[DEBUG] - Validate element '//button[@id=\"button_with_attribute_value`-incorrect\"]' has attribute 'value' that contains 'hello hello world'",
      "time" : {
        "start" : 1646927481382,
        "stop" : 1646927481382,
        "duration" : 0
      },
      "status" : "passed",
      "steps" : [ ],
      "attachments" : [ {
        "uid" : "c59e32ebfb8220b0",
        "name" : "more info",
        "source" : "c59e32ebfb8220b0.txt",
        "type" : "text/plain",
        "size" : 157
      } ],
      "parameters" : [ ],
      "stepsCount" : 0,
      "attachmentsCount" : 1,
      "shouldDisplayMessage" : false,
      "hasContent" : true
    }, {
      "name" : "[STEP] - Wait for attribute value with incorrect selector throws an error",
      "time" : {
        "start" : 1646927483087,
        "stop" : 1646927483088,
        "duration" : 1
      },
      "status" : "failed",
      "statusMessage" : "AssertionError: expected [Function] to throw Error\n                    at Context.<anonymous> (/home/runner/work/wdio-allure-ts/wdio-allure-ts/src/test/specs/ExpectAttributeValueSpec.ts:33:16)\n                    at Context.executeAsync (/home/runner/work/wdio-allure-ts/wdio-allure-ts/node_modules/@wdio/utils/build/shim.js:331:27)\n                    at Context.testFrameworkFnWrapper (/home/runner/work/wdio-allure-ts/wdio-allure-ts/node_modules/@wdio/utils/build/test-framework/testFnWrapper.js:45:32)\n                    at processTicksAndRejections (internal/process/task_queues.js:93:5)",
      "steps" : [ ],
      "attachments" : [ {
        "uid" : "2aa2106e451c5b74",
        "name" : "more info",
        "source" : "2aa2106e451c5b74.txt",
        "type" : "text/plain",
        "size" : 203
      } ],
      "parameters" : [ ],
      "stepsCount" : 0,
      "attachmentsCount" : 1,
      "shouldDisplayMessage" : true,
      "hasContent" : true
    } ],
    "attachments" : [ {
      "uid" : "2f1aa3db422cf36a",
      "name" : "Screenshot",
      "source" : "2f1aa3db422cf36a.png",
      "type" : "image/png",
      "size" : 80615
    }, {
      "uid" : "574849a7ce096cf8",
      "name" : "Browser console logs",
      "source" : "574849a7ce096cf8.json",
      "type" : "application/json",
      "size" : 2
    }, {
      "uid" : "75f999e414847132",
      "name" : "Page HTML source",
      "source" : "75f999e414847132.null",
      "type" : "html",
      "size" : 21966
    }, {
      "uid" : "8b22d1b0ccc20a5",
      "name" : "Network Logs",
      "source" : "8b22d1b0ccc20a5.json",
      "type" : "application/json",
      "size" : 17
    } ],
    "parameters" : [ ],
    "stepsCount" : 5,
    "attachmentsCount" : 8,
    "shouldDisplayMessage" : true,
    "hasContent" : true
  },
  "afterStages" : [ ],
  "labels" : [ {
    "name" : "framework",
    "value" : "wdio"
  }, {
    "name" : "language",
    "value" : "javascript"
  }, {
    "name" : "thread",
    "value" : "0-11"
  }, {
    "name" : "suite",
    "value" : "waitForAttributeValue"
  }, {
    "name" : "testClass",
    "value" : "waitForAttributeValue"
  }, {
    "name" : "testMethod",
    "value" : "incorrect selector"
  }, {
    "name" : "package",
    "value" : "waitForAttributeValue"
  }, {
    "name" : "resultFormat",
    "value" : "allure1"
  } ],
  "parameters" : [ {
    "name" : "browser",
    "value" : "chrome-99.0.4844.51"
  } ],
  "links" : [ ],
  "hidden" : false,
  "retry" : false,
  "extra" : {
    "severity" : "normal",
    "retries" : [ ],
    "categories" : [ {
      "name" : "Product defects",
      "matchedStatuses" : [ ],
      "flaky" : false
    } ],
    "tags" : [ ]
  },
  "source" : "9ba27f0b5a115b0.json",
  "parameterValues" : [ "chrome-99.0.4844.51" ]
}