{
  "uid" : "ca9a69b36e0f5e94",
  "name" : "Validate text found within given timeout ",
  "fullName" : "WaitUntilSpec of BrowserUtils Tests.Validate text found within given timeout ",
  "historyId" : "c706e13592baa2c88a4a66c09827e3c3",
  "time" : {
    "start" : 1646927588881,
    "stop" : 1646927591428,
    "duration" : 2547
  },
  "description" : "",
  "descriptionHtml" : "",
  "status" : "failed",
  "statusMessage" : "expected {} to be true      \n                      actual expected\n                      \n                      Promise [Promise] {}true\n                      ",
  "statusTrace" : "AssertionError: expected {} to be true\n                    at Context.<anonymous> (/home/runner/work/wdio-allure-ts/wdio-allure-ts/src/test/specs/WaitUntilSpec.ts:21:12)\n                    at Context.executeAsync (/home/runner/work/wdio-allure-ts/wdio-allure-ts/node_modules/@wdio/utils/build/shim.js:331:27)\n                    at Context.testFrameworkFnWrapper (/home/runner/work/wdio-allure-ts/wdio-allure-ts/node_modules/@wdio/utils/build/test-framework/testFnWrapper.js:45:32)\n                    at processTicksAndRejections (internal/process/task_queues.js:93:5)",
  "flaky" : false,
  "newFailed" : false,
  "beforeStages" : [ ],
  "testStage" : {
    "status" : "failed",
    "statusMessage" : "expected {} to be true      \n                      actual expected\n                      \n                      Promise [Promise] {}true\n                      ",
    "statusTrace" : "AssertionError: expected {} to be true\n                    at Context.<anonymous> (/home/runner/work/wdio-allure-ts/wdio-allure-ts/src/test/specs/WaitUntilSpec.ts:21:12)\n                    at Context.executeAsync (/home/runner/work/wdio-allure-ts/wdio-allure-ts/node_modules/@wdio/utils/build/shim.js:331:27)\n                    at Context.testFrameworkFnWrapper (/home/runner/work/wdio-allure-ts/wdio-allure-ts/node_modules/@wdio/utils/build/test-framework/testFnWrapper.js:45:32)\n                    at processTicksAndRejections (internal/process/task_queues.js:93:5)",
    "steps" : [ {
      "name" : "\"before each\" hook for WaitUntilSpec of BrowserUtils Tests",
      "time" : {
        "start" : 1646927588882,
        "stop" : 1646927589894,
        "duration" : 1012
      },
      "status" : "passed",
      "steps" : [ {
        "name" : "[STEP] - Navigate to sample app",
        "time" : {
          "start" : 1646927589739,
          "stop" : 1646927589741,
          "duration" : 2
        },
        "status" : "passed",
        "steps" : [ ],
        "attachments" : [ {
          "uid" : "d85f0a44a2446c3f",
          "name" : "more info",
          "source" : "d85f0a44a2446c3f.txt",
          "type" : "text/plain",
          "size" : 117
        } ],
        "parameters" : [ ],
        "stepsCount" : 0,
        "attachmentsCount" : 1,
        "shouldDisplayMessage" : false,
        "hasContent" : true
      }, {
        "name" : "[STEP] - Wait for sample app to load",
        "time" : {
          "start" : 1646927589893,
          "stop" : 1646927589893,
          "duration" : 0
        },
        "status" : "passed",
        "steps" : [ ],
        "attachments" : [ {
          "uid" : "18c75ac9b6128ba0",
          "name" : "more info",
          "source" : "18c75ac9b6128ba0.txt",
          "type" : "text/plain",
          "size" : 136
        } ],
        "parameters" : [ ],
        "stepsCount" : 0,
        "attachmentsCount" : 1,
        "shouldDisplayMessage" : false,
        "hasContent" : true
      } ],
      "attachments" : [ ],
      "parameters" : [ ],
      "stepsCount" : 2,
      "attachmentsCount" : 2,
      "shouldDisplayMessage" : false,
      "hasContent" : true
    }, {
      "name" : "[DEBUG] - Wait for an element to be visible '//*[@data-test='text-field-wu']'",
      "time" : {
        "start" : 1646927589916,
        "stop" : 1646927589920,
        "duration" : 4
      },
      "status" : "passed",
      "steps" : [ ],
      "attachments" : [ {
        "uid" : "d6cb4cef68a80b92",
        "name" : "more info",
        "source" : "d6cb4cef68a80b92.txt",
        "type" : "text/plain",
        "size" : 95
      } ],
      "parameters" : [ ],
      "stepsCount" : 0,
      "attachmentsCount" : 1,
      "shouldDisplayMessage" : false,
      "hasContent" : true
    }, {
      "name" : "[STEP] - Validate success within given timeout",
      "time" : {
        "start" : 1646927591376,
        "stop" : 1646927591377,
        "duration" : 1
      },
      "status" : "failed",
      "statusMessage" : "AssertionError: expected {} to be true\n                    at Context.<anonymous> (/home/runner/work/wdio-allure-ts/wdio-allure-ts/src/test/specs/WaitUntilSpec.ts:21:12)\n                    at Context.executeAsync (/home/runner/work/wdio-allure-ts/wdio-allure-ts/node_modules/@wdio/utils/build/shim.js:331:27)\n                    at Context.testFrameworkFnWrapper (/home/runner/work/wdio-allure-ts/wdio-allure-ts/node_modules/@wdio/utils/build/test-framework/testFnWrapper.js:45:32)\n                    at processTicksAndRejections (internal/process/task_queues.js:93:5)",
      "steps" : [ ],
      "attachments" : [ {
        "uid" : "2a6c0b3ca4cb8552",
        "name" : "more info",
        "source" : "2a6c0b3ca4cb8552.txt",
        "type" : "text/plain",
        "size" : 639
      } ],
      "parameters" : [ ],
      "stepsCount" : 0,
      "attachmentsCount" : 1,
      "shouldDisplayMessage" : true,
      "hasContent" : true
    }, {
      "name" : "[DEBUG] - Get element's text by selector '//*[@data-test='text-field-wu']'",
      "time" : {
        "start" : 1646927591501,
        "stop" : 1646927591501,
        "duration" : 0
      },
      "status" : "passed",
      "steps" : [ ],
      "attachments" : [ {
        "uid" : "26b53a1b47325f3d",
        "name" : "more info",
        "source" : "26b53a1b47325f3d.txt",
        "type" : "text/plain",
        "size" : 92
      } ],
      "parameters" : [ ],
      "stepsCount" : 0,
      "attachmentsCount" : 1,
      "shouldDisplayMessage" : false,
      "hasContent" : true
    } ],
    "attachments" : [ {
      "uid" : "24fd01fd9adffdc7",
      "name" : "Screenshot",
      "source" : "24fd01fd9adffdc7.png",
      "type" : "image/png",
      "size" : 80615
    }, {
      "uid" : "26c7e6a11570a53",
      "name" : "Browser console logs",
      "source" : "26c7e6a11570a53.json",
      "type" : "application/json",
      "size" : 2
    }, {
      "uid" : "8e5b9b32936f1223",
      "name" : "Page HTML source",
      "source" : "8e5b9b32936f1223.null",
      "type" : "html",
      "size" : 21966
    }, {
      "uid" : "dcdc7bf10e2b8c5",
      "name" : "Network Logs",
      "source" : "dcdc7bf10e2b8c5.json",
      "type" : "application/json",
      "size" : 17
    } ],
    "parameters" : [ ],
    "stepsCount" : 6,
    "attachmentsCount" : 9,
    "shouldDisplayMessage" : true,
    "hasContent" : true
  },
  "afterStages" : [ ],
  "labels" : [ {
    "name" : "framework",
    "value" : "wdio"
  }, {
    "name" : "language",
    "value" : "javascript"
  }, {
    "name" : "thread",
    "value" : "0-53"
  }, {
    "name" : "suite",
    "value" : "WaitUntilSpec of BrowserUtils Tests"
  }, {
    "name" : "testClass",
    "value" : "WaitUntilSpec of BrowserUtils Tests"
  }, {
    "name" : "testMethod",
    "value" : "Validate text found within given timeout "
  }, {
    "name" : "package",
    "value" : "WaitUntilSpec of BrowserUtils Tests"
  }, {
    "name" : "resultFormat",
    "value" : "allure1"
  } ],
  "parameters" : [ {
    "name" : "browser",
    "value" : "chrome-99.0.4844.51"
  } ],
  "links" : [ ],
  "hidden" : false,
  "retry" : false,
  "extra" : {
    "severity" : "normal",
    "retries" : [ ],
    "categories" : [ {
      "name" : "Product defects",
      "matchedStatuses" : [ ],
      "flaky" : false
    } ],
    "tags" : [ ]
  },
  "source" : "ca9a69b36e0f5e94.json",
  "parameterValues" : [ "chrome-99.0.4844.51" ]
}