{
  "uid" : "e03cbe30d22277aa",
  "name" : "incorrect attribute",
  "fullName" : "waitForAttributeValue.incorrect attribute",
  "historyId" : "8115d6eab4ea04395f459667b155faee",
  "time" : {
    "start" : 1646927483137,
    "stop" : 1646927485723,
    "duration" : 2586
  },
  "description" : "",
  "descriptionHtml" : "",
  "status" : "failed",
  "statusMessage" : "expected [Function] to throw Error      \n                      actual expected\n                      \n                      undefined'function Error() { [native code] }'\n                      ",
  "statusTrace" : "AssertionError: expected [Function] to throw Error\n                    at Context.<anonymous> (/home/runner/work/wdio-allure-ts/wdio-allure-ts/src/test/specs/ExpectAttributeValueSpec.ts:42:16)\n                    at Context.executeAsync (/home/runner/work/wdio-allure-ts/wdio-allure-ts/node_modules/@wdio/utils/build/shim.js:331:27)\n                    at Context.testFrameworkFnWrapper (/home/runner/work/wdio-allure-ts/wdio-allure-ts/node_modules/@wdio/utils/build/test-framework/testFnWrapper.js:45:32)\n                    at processTicksAndRejections (internal/process/task_queues.js:93:5)",
  "flaky" : false,
  "newFailed" : false,
  "beforeStages" : [ ],
  "testStage" : {
    "status" : "failed",
    "statusMessage" : "expected [Function] to throw Error      \n                      actual expected\n                      \n                      undefined'function Error() { [native code] }'\n                      ",
    "statusTrace" : "AssertionError: expected [Function] to throw Error\n                    at Context.<anonymous> (/home/runner/work/wdio-allure-ts/wdio-allure-ts/src/test/specs/ExpectAttributeValueSpec.ts:42:16)\n                    at Context.executeAsync (/home/runner/work/wdio-allure-ts/wdio-allure-ts/node_modules/@wdio/utils/build/shim.js:331:27)\n                    at Context.testFrameworkFnWrapper (/home/runner/work/wdio-allure-ts/wdio-allure-ts/node_modules/@wdio/utils/build/test-framework/testFnWrapper.js:45:32)\n                    at processTicksAndRejections (internal/process/task_queues.js:93:5)",
    "steps" : [ {
      "name" : "\"before each\" hook for waitForAttributeValue",
      "time" : {
        "start" : 1646927483137,
        "stop" : 1646927483892,
        "duration" : 755
      },
      "status" : "passed",
      "steps" : [ {
        "name" : "[STEP] - Navigate to sample app",
        "time" : {
          "start" : 1646927483747,
          "stop" : 1646927483747,
          "duration" : 0
        },
        "status" : "passed",
        "steps" : [ ],
        "attachments" : [ {
          "uid" : "6b7b1a11316a8147",
          "name" : "more info",
          "source" : "6b7b1a11316a8147.txt",
          "type" : "text/plain",
          "size" : 117
        } ],
        "parameters" : [ ],
        "stepsCount" : 0,
        "attachmentsCount" : 1,
        "shouldDisplayMessage" : false,
        "hasContent" : true
      }, {
        "name" : "[STEP] - Wait for sample app to load",
        "time" : {
          "start" : 1646927483891,
          "stop" : 1646927483892,
          "duration" : 1
        },
        "status" : "passed",
        "steps" : [ ],
        "attachments" : [ {
          "uid" : "8422f7ced753856c",
          "name" : "more info",
          "source" : "8422f7ced753856c.txt",
          "type" : "text/plain",
          "size" : 136
        } ],
        "parameters" : [ ],
        "stepsCount" : 0,
        "attachmentsCount" : 1,
        "shouldDisplayMessage" : false,
        "hasContent" : true
      } ],
      "attachments" : [ ],
      "parameters" : [ ],
      "stepsCount" : 2,
      "attachmentsCount" : 2,
      "shouldDisplayMessage" : false,
      "hasContent" : true
    }, {
      "name" : "[DEBUG] - Validate element '//button[@id=\"button_with_attribute_value`-incorrect\"]' has attribute 'text' that contains 'hello hello world'",
      "time" : {
        "start" : 1646927483901,
        "stop" : 1646927483901,
        "duration" : 0
      },
      "status" : "passed",
      "steps" : [ ],
      "attachments" : [ {
        "uid" : "9bcb985e3be3f482",
        "name" : "more info",
        "source" : "9bcb985e3be3f482.txt",
        "type" : "text/plain",
        "size" : 156
      } ],
      "parameters" : [ ],
      "stepsCount" : 0,
      "attachmentsCount" : 1,
      "shouldDisplayMessage" : false,
      "hasContent" : true
    }, {
      "name" : "[STEP] - Wait for value of incorrect attribute throws an error",
      "time" : {
        "start" : 1646927485708,
        "stop" : 1646927485708,
        "duration" : 0
      },
      "status" : "failed",
      "statusMessage" : "AssertionError: expected [Function] to throw Error\n                    at Context.<anonymous> (/home/runner/work/wdio-allure-ts/wdio-allure-ts/src/test/specs/ExpectAttributeValueSpec.ts:42:16)\n                    at Context.executeAsync (/home/runner/work/wdio-allure-ts/wdio-allure-ts/node_modules/@wdio/utils/build/shim.js:331:27)\n                    at Context.testFrameworkFnWrapper (/home/runner/work/wdio-allure-ts/wdio-allure-ts/node_modules/@wdio/utils/build/test-framework/testFnWrapper.js:45:32)\n                    at processTicksAndRejections (internal/process/task_queues.js:93:5)",
      "steps" : [ ],
      "attachments" : [ {
        "uid" : "9ba6176dc6c122b3",
        "name" : "more info",
        "source" : "9ba6176dc6c122b3.txt",
        "type" : "text/plain",
        "size" : 192
      } ],
      "parameters" : [ ],
      "stepsCount" : 0,
      "attachmentsCount" : 1,
      "shouldDisplayMessage" : true,
      "hasContent" : true
    } ],
    "attachments" : [ {
      "uid" : "1028f32b5498775",
      "name" : "Screenshot",
      "source" : "1028f32b5498775.png",
      "type" : "image/png",
      "size" : 80615
    }, {
      "uid" : "3da69417592e3499",
      "name" : "Browser console logs",
      "source" : "3da69417592e3499.json",
      "type" : "application/json",
      "size" : 2
    }, {
      "uid" : "7d7f2a9063a537b8",
      "name" : "Page HTML source",
      "source" : "7d7f2a9063a537b8.null",
      "type" : "html",
      "size" : 21966
    }, {
      "uid" : "cd3f9a6de60c11ca",
      "name" : "Network Logs",
      "source" : "cd3f9a6de60c11ca.json",
      "type" : "application/json",
      "size" : 17
    } ],
    "parameters" : [ ],
    "stepsCount" : 5,
    "attachmentsCount" : 8,
    "shouldDisplayMessage" : true,
    "hasContent" : true
  },
  "afterStages" : [ ],
  "labels" : [ {
    "name" : "framework",
    "value" : "wdio"
  }, {
    "name" : "language",
    "value" : "javascript"
  }, {
    "name" : "thread",
    "value" : "0-11"
  }, {
    "name" : "suite",
    "value" : "waitForAttributeValue"
  }, {
    "name" : "testClass",
    "value" : "waitForAttributeValue"
  }, {
    "name" : "testMethod",
    "value" : "incorrect attribute"
  }, {
    "name" : "package",
    "value" : "waitForAttributeValue"
  }, {
    "name" : "resultFormat",
    "value" : "allure1"
  } ],
  "parameters" : [ {
    "name" : "browser",
    "value" : "chrome-99.0.4844.51"
  } ],
  "links" : [ ],
  "hidden" : false,
  "retry" : false,
  "extra" : {
    "severity" : "normal",
    "retries" : [ ],
    "categories" : [ {
      "name" : "Product defects",
      "matchedStatuses" : [ ],
      "flaky" : false
    } ],
    "tags" : [ ]
  },
  "source" : "e03cbe30d22277aa.json",
  "parameterValues" : [ "chrome-99.0.4844.51" ]
}