{
  "uid" : "f5d122dc77145c74",
  "name" : "Validate text not found withing timeout and error message shown ",
  "fullName" : "WaitUntilSpec of BrowserUtils Tests.Validate text not found withing timeout and error message shown ",
  "historyId" : "6970fbd655d0439bb1ac7356bff2d53e",
  "time" : {
    "start" : 1646927591557,
    "stop" : 1646927592535,
    "duration" : 978
  },
  "description" : "",
  "descriptionHtml" : "",
  "status" : "failed",
  "statusMessage" : "expected [Function] to throw Error      \n                      actual expected\n                      \n                      undefined'function Error() { [native code] }'\n                      ",
  "statusTrace" : "AssertionError: expected [Function] to throw Error\n                    at Context.<anonymous> (/home/runner/work/wdio-allure-ts/wdio-allure-ts/src/test/specs/WaitUntilSpec.ts:40:16)\n                    at Context.executeAsync (/home/runner/work/wdio-allure-ts/wdio-allure-ts/node_modules/@wdio/utils/build/shim.js:331:27)\n                    at Context.testFrameworkFnWrapper (/home/runner/work/wdio-allure-ts/wdio-allure-ts/node_modules/@wdio/utils/build/test-framework/testFnWrapper.js:45:32)\n                    at processTicksAndRejections (internal/process/task_queues.js:93:5)",
  "flaky" : false,
  "newFailed" : false,
  "beforeStages" : [ ],
  "testStage" : {
    "status" : "failed",
    "statusMessage" : "expected [Function] to throw Error      \n                      actual expected\n                      \n                      undefined'function Error() { [native code] }'\n                      ",
    "statusTrace" : "AssertionError: expected [Function] to throw Error\n                    at Context.<anonymous> (/home/runner/work/wdio-allure-ts/wdio-allure-ts/src/test/specs/WaitUntilSpec.ts:40:16)\n                    at Context.executeAsync (/home/runner/work/wdio-allure-ts/wdio-allure-ts/node_modules/@wdio/utils/build/shim.js:331:27)\n                    at Context.testFrameworkFnWrapper (/home/runner/work/wdio-allure-ts/wdio-allure-ts/node_modules/@wdio/utils/build/test-framework/testFnWrapper.js:45:32)\n                    at processTicksAndRejections (internal/process/task_queues.js:93:5)",
    "steps" : [ {
      "name" : "[DEBUG] - Wait for an element to be visible '//*[@data-test='text-field-wu']'",
      "time" : {
        "start" : 1646927591558,
        "stop" : 1646927591558,
        "duration" : 0
      },
      "status" : "passed",
      "steps" : [ ],
      "attachments" : [ {
        "uid" : "b93f72f27b9810fa",
        "name" : "more info",
        "source" : "b93f72f27b9810fa.txt",
        "type" : "text/plain",
        "size" : 95
      } ],
      "parameters" : [ ],
      "stepsCount" : 0,
      "attachmentsCount" : 1,
      "shouldDisplayMessage" : false,
      "hasContent" : true
    }, {
      "name" : "\"before each\" hook for WaitUntilSpec of BrowserUtils Tests",
      "time" : {
        "start" : 1646927591558,
        "stop" : 1646927592027,
        "duration" : 469
      },
      "status" : "passed",
      "steps" : [ {
        "name" : "[STEP] - Navigate to sample app",
        "time" : {
          "start" : 1646927591873,
          "stop" : 1646927591874,
          "duration" : 1
        },
        "status" : "passed",
        "steps" : [ ],
        "attachments" : [ {
          "uid" : "e0fb126d2746e63e",
          "name" : "more info",
          "source" : "e0fb126d2746e63e.txt",
          "type" : "text/plain",
          "size" : 117
        } ],
        "parameters" : [ ],
        "stepsCount" : 0,
        "attachmentsCount" : 1,
        "shouldDisplayMessage" : false,
        "hasContent" : true
      }, {
        "name" : "[STEP] - Wait for sample app to load",
        "time" : {
          "start" : 1646927592026,
          "stop" : 1646927592027,
          "duration" : 1
        },
        "status" : "passed",
        "steps" : [ ],
        "attachments" : [ {
          "uid" : "d2268bb77be1bdfc",
          "name" : "more info",
          "source" : "d2268bb77be1bdfc.txt",
          "type" : "text/plain",
          "size" : 327
        } ],
        "parameters" : [ ],
        "stepsCount" : 0,
        "attachmentsCount" : 1,
        "shouldDisplayMessage" : false,
        "hasContent" : true
      } ],
      "attachments" : [ ],
      "parameters" : [ ],
      "stepsCount" : 2,
      "attachmentsCount" : 2,
      "shouldDisplayMessage" : false,
      "hasContent" : true
    }, {
      "name" : "[DEBUG] - Scroll to: '//*[@id='WaitUntilSection']/header/h1'",
      "time" : {
        "start" : 1646927592050,
        "stop" : 1646927592051,
        "duration" : 1
      },
      "status" : "passed",
      "steps" : [ ],
      "attachments" : [ {
        "uid" : "74159b62523728b6",
        "name" : "more info",
        "source" : "74159b62523728b6.txt",
        "type" : "text/plain",
        "size" : 78
      } ],
      "parameters" : [ ],
      "stepsCount" : 0,
      "attachmentsCount" : 1,
      "shouldDisplayMessage" : false,
      "hasContent" : true
    }, {
      "name" : "[STEP] - Validate failure within given timeout",
      "time" : {
        "start" : 1646927592532,
        "stop" : 1646927592532,
        "duration" : 0
      },
      "status" : "failed",
      "statusMessage" : "AssertionError: expected [Function] to throw Error\n                    at Context.<anonymous> (/home/runner/work/wdio-allure-ts/wdio-allure-ts/src/test/specs/WaitUntilSpec.ts:40:16)\n                    at Context.executeAsync (/home/runner/work/wdio-allure-ts/wdio-allure-ts/node_modules/@wdio/utils/build/shim.js:331:27)\n                    at Context.testFrameworkFnWrapper (/home/runner/work/wdio-allure-ts/wdio-allure-ts/node_modules/@wdio/utils/build/test-framework/testFnWrapper.js:45:32)\n                    at processTicksAndRejections (internal/process/task_queues.js:93:5)",
      "steps" : [ ],
      "attachments" : [ {
        "uid" : "afb7828654f432dc",
        "name" : "more info",
        "source" : "afb7828654f432dc.txt",
        "type" : "text/plain",
        "size" : 660
      } ],
      "parameters" : [ ],
      "stepsCount" : 0,
      "attachmentsCount" : 1,
      "shouldDisplayMessage" : true,
      "hasContent" : true
    } ],
    "attachments" : [ {
      "uid" : "c1a95e9dbd5165a8",
      "name" : "Screenshot",
      "source" : "c1a95e9dbd5165a8.png",
      "type" : "image/png",
      "size" : 80615
    }, {
      "uid" : "a3aaabe0f5288b8a",
      "name" : "Browser console logs",
      "source" : "a3aaabe0f5288b8a.json",
      "type" : "application/json",
      "size" : 2
    }, {
      "uid" : "ef9f6e1e7cf713f2",
      "name" : "Page HTML source",
      "source" : "ef9f6e1e7cf713f2.null",
      "type" : "html",
      "size" : 21966
    }, {
      "uid" : "cd96a625f61a99f1",
      "name" : "Network Logs",
      "source" : "cd96a625f61a99f1.json",
      "type" : "application/json",
      "size" : 17
    } ],
    "parameters" : [ ],
    "stepsCount" : 6,
    "attachmentsCount" : 9,
    "shouldDisplayMessage" : true,
    "hasContent" : true
  },
  "afterStages" : [ ],
  "labels" : [ {
    "name" : "framework",
    "value" : "wdio"
  }, {
    "name" : "language",
    "value" : "javascript"
  }, {
    "name" : "thread",
    "value" : "0-53"
  }, {
    "name" : "suite",
    "value" : "WaitUntilSpec of BrowserUtils Tests"
  }, {
    "name" : "testClass",
    "value" : "WaitUntilSpec of BrowserUtils Tests"
  }, {
    "name" : "testMethod",
    "value" : "Validate text not found withing timeout and error message shown "
  }, {
    "name" : "package",
    "value" : "WaitUntilSpec of BrowserUtils Tests"
  }, {
    "name" : "resultFormat",
    "value" : "allure1"
  } ],
  "parameters" : [ {
    "name" : "browser",
    "value" : "chrome-99.0.4844.51"
  } ],
  "links" : [ ],
  "hidden" : false,
  "retry" : false,
  "extra" : {
    "severity" : "normal",
    "retries" : [ ],
    "categories" : [ {
      "name" : "Product defects",
      "matchedStatuses" : [ ],
      "flaky" : false
    } ],
    "tags" : [ ]
  },
  "source" : "f5d122dc77145c74.json",
  "parameterValues" : [ "chrome-99.0.4844.51" ]
}