2022-11-24 11:00:36 [STEP] Navigate to sample app 
2022-11-24 11:00:36 [DEBUG] Navigate to 'http://host.docker.internal:8000/' 
2022-11-24 11:00:37 [ERROR] AssertionError: Failed to navigate to 'http://host.docker.internal:8000/' 
 unknown error: unknown error: net::ERR_NAME_NOT_RESOLVED
  (Session info: headless chrome=107.0.5304.87) 
