{
  "uid" : "13c62a05f8e517b7",
  "name" : "Validate text found within default timeout ",
  "fullName" : "WaitUntilSpec of BrowserUtils Tests.Validate text found within default timeout ",
  "historyId" : "792cc4c83e6a8748f108da117b13cd6c",
  "time" : {
    "start" : 1646930172185,
    "stop" : 1646930172824,
    "duration" : 639
  },
  "description" : "",
  "descriptionHtml" : "",
  "status" : "failed",
  "statusMessage" : "expected {} to be true      \n                      actual expected\n                      \n                      Promise [Promise] {}true\n                      ",
  "statusTrace" : "AssertionError: expected {} to be true\n                    at Context.<anonymous> (/home/runner/work/wdio-allure-ts/wdio-allure-ts/src/test/specs/WaitUntilSpec.ts:50:12)\n                    at Context.executeAsync (/home/runner/work/wdio-allure-ts/wdio-allure-ts/node_modules/@wdio/utils/build/shim.js:331:27)\n                    at Context.testFrameworkFnWrapper (/home/runner/work/wdio-allure-ts/wdio-allure-ts/node_modules/@wdio/utils/build/test-framework/testFnWrapper.js:45:32)\n                    at processTicksAndRejections (internal/process/task_queues.js:93:5)",
  "flaky" : false,
  "newFailed" : false,
  "beforeStages" : [ ],
  "testStage" : {
    "status" : "failed",
    "statusMessage" : "expected {} to be true      \n                      actual expected\n                      \n                      Promise [Promise] {}true\n                      ",
    "statusTrace" : "AssertionError: expected {} to be true\n                    at Context.<anonymous> (/home/runner/work/wdio-allure-ts/wdio-allure-ts/src/test/specs/WaitUntilSpec.ts:50:12)\n                    at Context.executeAsync (/home/runner/work/wdio-allure-ts/wdio-allure-ts/node_modules/@wdio/utils/build/shim.js:331:27)\n                    at Context.testFrameworkFnWrapper (/home/runner/work/wdio-allure-ts/wdio-allure-ts/node_modules/@wdio/utils/build/test-framework/testFnWrapper.js:45:32)\n                    at processTicksAndRejections (internal/process/task_queues.js:93:5)",
    "steps" : [ {
      "name" : "\"before each\" hook for WaitUntilSpec of BrowserUtils Tests",
      "time" : {
        "start" : 1646930172185,
        "stop" : 1646930172442,
        "duration" : 257
      },
      "status" : "passed",
      "steps" : [ {
        "name" : "[STEP] - Navigate to sample app",
        "time" : {
          "start" : 1646930172310,
          "stop" : 1646930172310,
          "duration" : 0
        },
        "status" : "passed",
        "steps" : [ ],
        "attachments" : [ {
          "uid" : "f4fe370b365516f7",
          "name" : "more info",
          "source" : "f4fe370b365516f7.txt",
          "type" : "text/plain",
          "size" : 117
        } ],
        "parameters" : [ ],
        "stepsCount" : 0,
        "attachmentsCount" : 1,
        "shouldDisplayMessage" : false,
        "hasContent" : true
      }, {
        "name" : "[STEP] - Wait for sample app to load",
        "time" : {
          "start" : 1646930172441,
          "stop" : 1646930172441,
          "duration" : 0
        },
        "status" : "passed",
        "steps" : [ ],
        "attachments" : [ {
          "uid" : "99db6fd0b29a0df",
          "name" : "more info",
          "source" : "99db6fd0b29a0df.txt",
          "type" : "text/plain",
          "size" : 530
        } ],
        "parameters" : [ ],
        "stepsCount" : 0,
        "attachmentsCount" : 1,
        "shouldDisplayMessage" : false,
        "hasContent" : true
      } ],
      "attachments" : [ ],
      "parameters" : [ ],
      "stepsCount" : 2,
      "attachmentsCount" : 2,
      "shouldDisplayMessage" : false,
      "hasContent" : true
    }, {
      "name" : "[DEBUG] - Wait for an element to be visible '//*[@data-test='text-field-wu']'",
      "time" : {
        "start" : 1646930172442,
        "stop" : 1646930172443,
        "duration" : 1
      },
      "status" : "passed",
      "steps" : [ ],
      "attachments" : [ {
        "uid" : "62d6845de8ac3eca",
        "name" : "more info",
        "source" : "62d6845de8ac3eca.txt",
        "type" : "text/plain",
        "size" : 95
      } ],
      "parameters" : [ ],
      "stepsCount" : 0,
      "attachmentsCount" : 1,
      "shouldDisplayMessage" : false,
      "hasContent" : true
    }, {
      "name" : "[STEP] - Validate success within default timeout",
      "time" : {
        "start" : 1646930172822,
        "stop" : 1646930172822,
        "duration" : 0
      },
      "status" : "failed",
      "statusMessage" : "AssertionError: expected {} to be true\n                    at Context.<anonymous> (/home/runner/work/wdio-allure-ts/wdio-allure-ts/src/test/specs/WaitUntilSpec.ts:50:12)\n                    at Context.executeAsync (/home/runner/work/wdio-allure-ts/wdio-allure-ts/node_modules/@wdio/utils/build/shim.js:331:27)\n                    at Context.testFrameworkFnWrapper (/home/runner/work/wdio-allure-ts/wdio-allure-ts/node_modules/@wdio/utils/build/test-framework/testFnWrapper.js:45:32)\n                    at processTicksAndRejections (internal/process/task_queues.js:93:5)",
      "steps" : [ ],
      "attachments" : [ {
        "uid" : "fa32d0565b38c76e",
        "name" : "more info",
        "source" : "fa32d0565b38c76e.txt",
        "type" : "text/plain",
        "size" : 259
      } ],
      "parameters" : [ ],
      "stepsCount" : 0,
      "attachmentsCount" : 1,
      "shouldDisplayMessage" : true,
      "hasContent" : true
    } ],
    "attachments" : [ {
      "uid" : "9acb25787af6712d",
      "name" : "Screenshot",
      "source" : "9acb25787af6712d.png",
      "type" : "image/png",
      "size" : 407458
    }, {
      "uid" : "184471e640aaf861",
      "name" : "Browser console logs",
      "source" : "184471e640aaf861.json",
      "type" : "application/json",
      "size" : 2
    }, {
      "uid" : "1856a5a63aa8ea15",
      "name" : "Page HTML source",
      "source" : "1856a5a63aa8ea15.null",
      "type" : "html",
      "size" : 21966
    }, {
      "uid" : "7bba47fc64a709c3",
      "name" : "Network Logs",
      "source" : "7bba47fc64a709c3.json",
      "type" : "application/json",
      "size" : 17
    } ],
    "parameters" : [ ],
    "stepsCount" : 5,
    "attachmentsCount" : 8,
    "shouldDisplayMessage" : true,
    "hasContent" : true
  },
  "afterStages" : [ ],
  "labels" : [ {
    "name" : "framework",
    "value" : "wdio"
  }, {
    "name" : "language",
    "value" : "javascript"
  }, {
    "name" : "thread",
    "value" : "0-53"
  }, {
    "name" : "suite",
    "value" : "WaitUntilSpec of BrowserUtils Tests"
  }, {
    "name" : "testClass",
    "value" : "WaitUntilSpec of BrowserUtils Tests"
  }, {
    "name" : "testMethod",
    "value" : "Validate text found within default timeout "
  }, {
    "name" : "package",
    "value" : "WaitUntilSpec of BrowserUtils Tests"
  }, {
    "name" : "resultFormat",
    "value" : "allure1"
  } ],
  "parameters" : [ {
    "name" : "browser",
    "value" : "chrome-99.0.4844.51"
  } ],
  "links" : [ ],
  "hidden" : false,
  "retry" : false,
  "extra" : {
    "severity" : "normal",
    "retries" : [ ],
    "categories" : [ {
      "name" : "Product defects",
      "matchedStatuses" : [ ],
      "flaky" : false
    } ],
    "history" : {
      "statistic" : {
        "failed" : 2,
        "broken" : 0,
        "skipped" : 0,
        "passed" : 0,
        "unknown" : 0,
        "total" : 2
      },
      "items" : [ {
        "uid" : "7c9eda9ba8a190c9",
        "reportUrl" : "https://cloudinary.github.io/wdio-allure-ts/274//#testresult/7c9eda9ba8a190c9",
        "status" : "failed",
        "statusDetails" : "expected {} to be true      \n                      actual expected\n                      \n                      Promise [Promise] {}true\n                      ",
        "time" : {
          "start" : 1646927592543,
          "stop" : 1646927593349,
          "duration" : 806
        }
      } ]
    },
    "tags" : [ ]
  },
  "source" : "13c62a05f8e517b7.json",
  "parameterValues" : [ "chrome-99.0.4844.51" ]
}