{
  "uid" : "2a04afd13d9992a5",
  "name" : "fail on case sensitive",
  "fullName" : "waitForText.fail on case sensitive",
  "historyId" : "d8a33b4753a888af4aed6389d7c24ac3",
  "time" : {
    "start" : 1646930077431,
    "stop" : 1646930079850,
    "duration" : 2419
  },
  "description" : "",
  "descriptionHtml" : "",
  "status" : "failed",
  "statusMessage" : "expected [Function] to throw Error      \n                      actual expected\n                      \n                      undefined'function Error() { [native code] }'\n                      ",
  "statusTrace" : "AssertionError: expected [Function] to throw Error\n                    at Context.<anonymous> (/home/runner/work/wdio-allure-ts/wdio-allure-ts/src/test/specs/ExpectTextSpec.ts:41:16)\n                    at Context.executeAsync (/home/runner/work/wdio-allure-ts/wdio-allure-ts/node_modules/@wdio/utils/build/shim.js:331:27)\n                    at Context.testFrameworkFnWrapper (/home/runner/work/wdio-allure-ts/wdio-allure-ts/node_modules/@wdio/utils/build/test-framework/testFnWrapper.js:45:32)\n                    at processTicksAndRejections (internal/process/task_queues.js:93:5)",
  "flaky" : false,
  "newFailed" : false,
  "beforeStages" : [ ],
  "testStage" : {
    "status" : "failed",
    "statusMessage" : "expected [Function] to throw Error      \n                      actual expected\n                      \n                      undefined'function Error() { [native code] }'\n                      ",
    "statusTrace" : "AssertionError: expected [Function] to throw Error\n                    at Context.<anonymous> (/home/runner/work/wdio-allure-ts/wdio-allure-ts/src/test/specs/ExpectTextSpec.ts:41:16)\n                    at Context.executeAsync (/home/runner/work/wdio-allure-ts/wdio-allure-ts/node_modules/@wdio/utils/build/shim.js:331:27)\n                    at Context.testFrameworkFnWrapper (/home/runner/work/wdio-allure-ts/wdio-allure-ts/node_modules/@wdio/utils/build/test-framework/testFnWrapper.js:45:32)\n                    at processTicksAndRejections (internal/process/task_queues.js:93:5)",
    "steps" : [ {
      "name" : "\"before each\" hook for waitForText",
      "time" : {
        "start" : 1646930077431,
        "stop" : 1646930078121,
        "duration" : 690
      },
      "status" : "passed",
      "steps" : [ {
        "name" : "[STEP] - Navigate to sample app",
        "time" : {
          "start" : 1646930077919,
          "stop" : 1646930077919,
          "duration" : 0
        },
        "status" : "passed",
        "steps" : [ ],
        "attachments" : [ {
          "uid" : "fedcd760fe9aac8c",
          "name" : "more info",
          "source" : "fedcd760fe9aac8c.txt",
          "type" : "text/plain",
          "size" : 117
        } ],
        "parameters" : [ ],
        "stepsCount" : 0,
        "attachmentsCount" : 1,
        "shouldDisplayMessage" : false,
        "hasContent" : true
      }, {
        "name" : "[STEP] - Wait for sample app to load",
        "time" : {
          "start" : 1646930078121,
          "stop" : 1646930078121,
          "duration" : 0
        },
        "status" : "passed",
        "steps" : [ ],
        "attachments" : [ {
          "uid" : "71ee612ffa13a55e",
          "name" : "more info",
          "source" : "71ee612ffa13a55e.txt",
          "type" : "text/plain",
          "size" : 136
        } ],
        "parameters" : [ ],
        "stepsCount" : 0,
        "attachmentsCount" : 1,
        "shouldDisplayMessage" : false,
        "hasContent" : true
      } ],
      "attachments" : [ ],
      "parameters" : [ ],
      "stepsCount" : 2,
      "attachmentsCount" : 2,
      "shouldDisplayMessage" : false,
      "hasContent" : true
    }, {
      "name" : "[DEBUG] - Wait for text 'cloudinary rules!' of element by selector '//*[@id='ExpectText']//*[@id='static_text']'",
      "time" : {
        "start" : 1646930078122,
        "stop" : 1646930078123,
        "duration" : 1
      },
      "status" : "passed",
      "steps" : [ ],
      "attachments" : [ {
        "uid" : "c3e788a19ae78d4b",
        "name" : "more info",
        "source" : "c3e788a19ae78d4b.txt",
        "type" : "text/plain",
        "size" : 130
      } ],
      "parameters" : [ ],
      "stepsCount" : 0,
      "attachmentsCount" : 1,
      "shouldDisplayMessage" : false,
      "hasContent" : true
    }, {
      "name" : "[STEP] - Check case sensitive text",
      "time" : {
        "start" : 1646930079834,
        "stop" : 1646930079835,
        "duration" : 1
      },
      "status" : "failed",
      "statusMessage" : "AssertionError: expected [Function] to throw Error\n                    at Context.<anonymous> (/home/runner/work/wdio-allure-ts/wdio-allure-ts/src/test/specs/ExpectTextSpec.ts:41:16)\n                    at Context.executeAsync (/home/runner/work/wdio-allure-ts/wdio-allure-ts/node_modules/@wdio/utils/build/shim.js:331:27)\n                    at Context.testFrameworkFnWrapper (/home/runner/work/wdio-allure-ts/wdio-allure-ts/node_modules/@wdio/utils/build/test-framework/testFnWrapper.js:45:32)\n                    at processTicksAndRejections (internal/process/task_queues.js:93:5)",
      "steps" : [ ],
      "attachments" : [ {
        "uid" : "81d0316e431630",
        "name" : "more info",
        "source" : "81d0316e431630.txt",
        "type" : "text/plain",
        "size" : 163
      } ],
      "parameters" : [ ],
      "stepsCount" : 0,
      "attachmentsCount" : 1,
      "shouldDisplayMessage" : true,
      "hasContent" : true
    } ],
    "attachments" : [ {
      "uid" : "d64e6b0c39743fdb",
      "name" : "Screenshot",
      "source" : "d64e6b0c39743fdb.png",
      "type" : "image/png",
      "size" : 80615
    }, {
      "uid" : "d35ea80ec24a4e0c",
      "name" : "Browser console logs",
      "source" : "d35ea80ec24a4e0c.json",
      "type" : "application/json",
      "size" : 2
    }, {
      "uid" : "8b555626e92d2ba0",
      "name" : "Page HTML source",
      "source" : "8b555626e92d2ba0.null",
      "type" : "html",
      "size" : 21966
    }, {
      "uid" : "8c2942e8ddea0182",
      "name" : "Network Logs",
      "source" : "8c2942e8ddea0182.json",
      "type" : "application/json",
      "size" : 17
    } ],
    "parameters" : [ ],
    "stepsCount" : 5,
    "attachmentsCount" : 8,
    "shouldDisplayMessage" : true,
    "hasContent" : true
  },
  "afterStages" : [ ],
  "labels" : [ {
    "name" : "framework",
    "value" : "wdio"
  }, {
    "name" : "language",
    "value" : "javascript"
  }, {
    "name" : "thread",
    "value" : "0-15"
  }, {
    "name" : "suite",
    "value" : "waitForText"
  }, {
    "name" : "testClass",
    "value" : "waitForText"
  }, {
    "name" : "testMethod",
    "value" : "fail on case sensitive"
  }, {
    "name" : "package",
    "value" : "waitForText"
  }, {
    "name" : "resultFormat",
    "value" : "allure1"
  } ],
  "parameters" : [ {
    "name" : "browser",
    "value" : "chrome-99.0.4844.51"
  } ],
  "links" : [ ],
  "hidden" : false,
  "retry" : false,
  "extra" : {
    "severity" : "normal",
    "retries" : [ ],
    "categories" : [ {
      "name" : "Product defects",
      "matchedStatuses" : [ ],
      "flaky" : false
    } ],
    "history" : {
      "statistic" : {
        "failed" : 2,
        "broken" : 0,
        "skipped" : 0,
        "passed" : 0,
        "unknown" : 0,
        "total" : 2
      },
      "items" : [ {
        "uid" : "3493ed3d6284f73d",
        "reportUrl" : "https://cloudinary.github.io/wdio-allure-ts/274//#testresult/3493ed3d6284f73d",
        "status" : "failed",
        "statusDetails" : "expected [Function] to throw Error      \n                      actual expected\n                      \n                      undefined'function Error() { [native code] }'\n                      ",
        "time" : {
          "start" : 1646927484970,
          "stop" : 1646927487805,
          "duration" : 2835
        }
      } ]
    },
    "tags" : [ ]
  },
  "source" : "2a04afd13d9992a5.json",
  "parameterValues" : [ "chrome-99.0.4844.51" ]
}