{
  "uid" : "3d9d4740f1b0f487",
  "name" : "Validate text found within given timeout ",
  "fullName" : "WaitUntilSpec of BrowserUtils Tests.Validate text found within given timeout ",
  "historyId" : "c706e13592baa2c88a4a66c09827e3c3",
  "time" : {
    "start" : 1646930169850,
    "stop" : 1646930171365,
    "duration" : 1515
  },
  "description" : "",
  "descriptionHtml" : "",
  "status" : "failed",
  "statusMessage" : "expected {} to be true      \n                      actual expected\n                      \n                      Promise [Promise] {}true\n                      ",
  "statusTrace" : "AssertionError: expected {} to be true\n                    at Context.<anonymous> (/home/runner/work/wdio-allure-ts/wdio-allure-ts/src/test/specs/WaitUntilSpec.ts:21:12)\n                    at Context.executeAsync (/home/runner/work/wdio-allure-ts/wdio-allure-ts/node_modules/@wdio/utils/build/shim.js:331:27)\n                    at Context.testFrameworkFnWrapper (/home/runner/work/wdio-allure-ts/wdio-allure-ts/node_modules/@wdio/utils/build/test-framework/testFnWrapper.js:45:32)\n                    at processTicksAndRejections (internal/process/task_queues.js:93:5)",
  "flaky" : false,
  "newFailed" : false,
  "beforeStages" : [ ],
  "testStage" : {
    "status" : "failed",
    "statusMessage" : "expected {} to be true      \n                      actual expected\n                      \n                      Promise [Promise] {}true\n                      ",
    "statusTrace" : "AssertionError: expected {} to be true\n                    at Context.<anonymous> (/home/runner/work/wdio-allure-ts/wdio-allure-ts/src/test/specs/WaitUntilSpec.ts:21:12)\n                    at Context.executeAsync (/home/runner/work/wdio-allure-ts/wdio-allure-ts/node_modules/@wdio/utils/build/shim.js:331:27)\n                    at Context.testFrameworkFnWrapper (/home/runner/work/wdio-allure-ts/wdio-allure-ts/node_modules/@wdio/utils/build/test-framework/testFnWrapper.js:45:32)\n                    at processTicksAndRejections (internal/process/task_queues.js:93:5)",
    "steps" : [ {
      "name" : "\"before each\" hook for WaitUntilSpec of BrowserUtils Tests",
      "time" : {
        "start" : 1646930169850,
        "stop" : 1646930170372,
        "duration" : 522
      },
      "status" : "passed",
      "steps" : [ {
        "name" : "[STEP] - Navigate to sample app",
        "time" : {
          "start" : 1646930170248,
          "stop" : 1646930170250,
          "duration" : 2
        },
        "status" : "passed",
        "steps" : [ ],
        "attachments" : [ {
          "uid" : "6035b758d89dbdf1",
          "name" : "more info",
          "source" : "6035b758d89dbdf1.txt",
          "type" : "text/plain",
          "size" : 117
        } ],
        "parameters" : [ ],
        "stepsCount" : 0,
        "attachmentsCount" : 1,
        "shouldDisplayMessage" : false,
        "hasContent" : true
      }, {
        "name" : "[STEP] - Wait for sample app to load",
        "time" : {
          "start" : 1646930170371,
          "stop" : 1646930170372,
          "duration" : 1
        },
        "status" : "passed",
        "steps" : [ ],
        "attachments" : [ {
          "uid" : "5bea5d999b665f",
          "name" : "more info",
          "source" : "5bea5d999b665f.txt",
          "type" : "text/plain",
          "size" : 136
        } ],
        "parameters" : [ ],
        "stepsCount" : 0,
        "attachmentsCount" : 1,
        "shouldDisplayMessage" : false,
        "hasContent" : true
      } ],
      "attachments" : [ ],
      "parameters" : [ ],
      "stepsCount" : 2,
      "attachmentsCount" : 2,
      "shouldDisplayMessage" : false,
      "hasContent" : true
    }, {
      "name" : "[DEBUG] - Wait for an element to be visible '//*[@data-test='text-field-wu']'",
      "time" : {
        "start" : 1646930170375,
        "stop" : 1646930170375,
        "duration" : 0
      },
      "status" : "passed",
      "steps" : [ ],
      "attachments" : [ {
        "uid" : "59316b3b59d83a23",
        "name" : "more info",
        "source" : "59316b3b59d83a23.txt",
        "type" : "text/plain",
        "size" : 95
      } ],
      "parameters" : [ ],
      "stepsCount" : 0,
      "attachmentsCount" : 1,
      "shouldDisplayMessage" : false,
      "hasContent" : true
    }, {
      "name" : "[STEP] - Validate success within given timeout",
      "time" : {
        "start" : 1646930171341,
        "stop" : 1646930171341,
        "duration" : 0
      },
      "status" : "failed",
      "statusMessage" : "AssertionError: expected {} to be true\n                    at Context.<anonymous> (/home/runner/work/wdio-allure-ts/wdio-allure-ts/src/test/specs/WaitUntilSpec.ts:21:12)\n                    at Context.executeAsync (/home/runner/work/wdio-allure-ts/wdio-allure-ts/node_modules/@wdio/utils/build/shim.js:331:27)\n                    at Context.testFrameworkFnWrapper (/home/runner/work/wdio-allure-ts/wdio-allure-ts/node_modules/@wdio/utils/build/test-framework/testFnWrapper.js:45:32)\n                    at processTicksAndRejections (internal/process/task_queues.js:93:5)",
      "steps" : [ ],
      "attachments" : [ {
        "uid" : "9b22427ec5865175",
        "name" : "more info",
        "source" : "9b22427ec5865175.txt",
        "type" : "text/plain",
        "size" : 448
      } ],
      "parameters" : [ ],
      "stepsCount" : 0,
      "attachmentsCount" : 1,
      "shouldDisplayMessage" : true,
      "hasContent" : true
    }, {
      "name" : "[DEBUG] - Get element's text by selector '//*[@data-test='text-field-wu']'",
      "time" : {
        "start" : 1646930171401,
        "stop" : 1646930171402,
        "duration" : 1
      },
      "status" : "passed",
      "steps" : [ ],
      "attachments" : [ {
        "uid" : "621b1db62e2822b8",
        "name" : "more info",
        "source" : "621b1db62e2822b8.txt",
        "type" : "text/plain",
        "size" : 92
      } ],
      "parameters" : [ ],
      "stepsCount" : 0,
      "attachmentsCount" : 1,
      "shouldDisplayMessage" : false,
      "hasContent" : true
    } ],
    "attachments" : [ {
      "uid" : "a6230caa8a3259b3",
      "name" : "Screenshot",
      "source" : "a6230caa8a3259b3.png",
      "type" : "image/png",
      "size" : 80615
    }, {
      "uid" : "1676328b13bec556",
      "name" : "Browser console logs",
      "source" : "1676328b13bec556.json",
      "type" : "application/json",
      "size" : 2
    }, {
      "uid" : "5957a2e29f67d8dd",
      "name" : "Page HTML source",
      "source" : "5957a2e29f67d8dd.null",
      "type" : "html",
      "size" : 21966
    }, {
      "uid" : "c222ab71c2a98b47",
      "name" : "Network Logs",
      "source" : "c222ab71c2a98b47.json",
      "type" : "application/json",
      "size" : 17
    } ],
    "parameters" : [ ],
    "stepsCount" : 6,
    "attachmentsCount" : 9,
    "shouldDisplayMessage" : true,
    "hasContent" : true
  },
  "afterStages" : [ ],
  "labels" : [ {
    "name" : "framework",
    "value" : "wdio"
  }, {
    "name" : "language",
    "value" : "javascript"
  }, {
    "name" : "thread",
    "value" : "0-53"
  }, {
    "name" : "suite",
    "value" : "WaitUntilSpec of BrowserUtils Tests"
  }, {
    "name" : "testClass",
    "value" : "WaitUntilSpec of BrowserUtils Tests"
  }, {
    "name" : "testMethod",
    "value" : "Validate text found within given timeout "
  }, {
    "name" : "package",
    "value" : "WaitUntilSpec of BrowserUtils Tests"
  }, {
    "name" : "resultFormat",
    "value" : "allure1"
  } ],
  "parameters" : [ {
    "name" : "browser",
    "value" : "chrome-99.0.4844.51"
  } ],
  "links" : [ ],
  "hidden" : false,
  "retry" : false,
  "extra" : {
    "severity" : "normal",
    "retries" : [ ],
    "categories" : [ {
      "name" : "Product defects",
      "matchedStatuses" : [ ],
      "flaky" : false
    } ],
    "history" : {
      "statistic" : {
        "failed" : 2,
        "broken" : 0,
        "skipped" : 0,
        "passed" : 0,
        "unknown" : 0,
        "total" : 2
      },
      "items" : [ {
        "uid" : "ca9a69b36e0f5e94",
        "reportUrl" : "https://cloudinary.github.io/wdio-allure-ts/274//#testresult/ca9a69b36e0f5e94",
        "status" : "failed",
        "statusDetails" : "expected {} to be true      \n                      actual expected\n                      \n                      Promise [Promise] {}true\n                      ",
        "time" : {
          "start" : 1646927588881,
          "stop" : 1646927591428,
          "duration" : 2547
        }
      } ]
    },
    "tags" : [ ]
  },
  "source" : "3d9d4740f1b0f487.json",
  "parameterValues" : [ "chrome-99.0.4844.51" ]
}