{
  "uid" : "5662e8f6e12f844c",
  "name" : "Validate text not found withing timeout and error message shown ",
  "fullName" : "WaitUntilSpec of BrowserUtils Tests.Validate text not found withing timeout and error message shown ",
  "historyId" : "6970fbd655d0439bb1ac7356bff2d53e",
  "time" : {
    "start" : 1646930171472,
    "stop" : 1646930172184,
    "duration" : 712
  },
  "description" : "",
  "descriptionHtml" : "",
  "status" : "failed",
  "statusMessage" : "expected [Function] to throw Error      \n                      actual expected\n                      \n                      undefined'function Error() { [native code] }'\n                      ",
  "statusTrace" : "AssertionError: expected [Function] to throw Error\n                    at Context.<anonymous> (/home/runner/work/wdio-allure-ts/wdio-allure-ts/src/test/specs/WaitUntilSpec.ts:40:16)\n                    at Context.executeAsync (/home/runner/work/wdio-allure-ts/wdio-allure-ts/node_modules/@wdio/utils/build/shim.js:331:27)\n                    at Context.testFrameworkFnWrapper (/home/runner/work/wdio-allure-ts/wdio-allure-ts/node_modules/@wdio/utils/build/test-framework/testFnWrapper.js:45:32)\n                    at processTicksAndRejections (internal/process/task_queues.js:93:5)",
  "flaky" : false,
  "newFailed" : false,
  "beforeStages" : [ ],
  "testStage" : {
    "status" : "failed",
    "statusMessage" : "expected [Function] to throw Error      \n                      actual expected\n                      \n                      undefined'function Error() { [native code] }'\n                      ",
    "statusTrace" : "AssertionError: expected [Function] to throw Error\n                    at Context.<anonymous> (/home/runner/work/wdio-allure-ts/wdio-allure-ts/src/test/specs/WaitUntilSpec.ts:40:16)\n                    at Context.executeAsync (/home/runner/work/wdio-allure-ts/wdio-allure-ts/node_modules/@wdio/utils/build/shim.js:331:27)\n                    at Context.testFrameworkFnWrapper (/home/runner/work/wdio-allure-ts/wdio-allure-ts/node_modules/@wdio/utils/build/test-framework/testFnWrapper.js:45:32)\n                    at processTicksAndRejections (internal/process/task_queues.js:93:5)",
    "steps" : [ {
      "name" : "[DEBUG] - Wait for an element to be visible '//*[@data-test='text-field-wu']'",
      "time" : {
        "start" : 1646930171473,
        "stop" : 1646930171473,
        "duration" : 0
      },
      "status" : "passed",
      "steps" : [ ],
      "attachments" : [ {
        "uid" : "f54fa2e1e15ab0fe",
        "name" : "more info",
        "source" : "f54fa2e1e15ab0fe.txt",
        "type" : "text/plain",
        "size" : 95
      } ],
      "parameters" : [ ],
      "stepsCount" : 0,
      "attachmentsCount" : 1,
      "shouldDisplayMessage" : false,
      "hasContent" : true
    }, {
      "name" : "\"before each\" hook for WaitUntilSpec of BrowserUtils Tests",
      "time" : {
        "start" : 1646930171473,
        "stop" : 1646930171865,
        "duration" : 392
      },
      "status" : "passed",
      "steps" : [ {
        "name" : "[STEP] - Navigate to sample app",
        "time" : {
          "start" : 1646930171737,
          "stop" : 1646930171738,
          "duration" : 1
        },
        "status" : "passed",
        "steps" : [ ],
        "attachments" : [ {
          "uid" : "3249704b665fb7bf",
          "name" : "more info",
          "source" : "3249704b665fb7bf.txt",
          "type" : "text/plain",
          "size" : 117
        } ],
        "parameters" : [ ],
        "stepsCount" : 0,
        "attachmentsCount" : 1,
        "shouldDisplayMessage" : false,
        "hasContent" : true
      }, {
        "name" : "[STEP] - Wait for sample app to load",
        "time" : {
          "start" : 1646930171865,
          "stop" : 1646930171865,
          "duration" : 0
        },
        "status" : "passed",
        "steps" : [ ],
        "attachments" : [ {
          "uid" : "74bdc4728d6e15a",
          "name" : "more info",
          "source" : "74bdc4728d6e15a.txt",
          "type" : "text/plain",
          "size" : 136
        } ],
        "parameters" : [ ],
        "stepsCount" : 0,
        "attachmentsCount" : 1,
        "shouldDisplayMessage" : false,
        "hasContent" : true
      } ],
      "attachments" : [ ],
      "parameters" : [ ],
      "stepsCount" : 2,
      "attachmentsCount" : 2,
      "shouldDisplayMessage" : false,
      "hasContent" : true
    }, {
      "name" : "[DEBUG] - Scroll to: '//*[@id='WaitUntilSection']/header/h1'",
      "time" : {
        "start" : 1646930171867,
        "stop" : 1646930171867,
        "duration" : 0
      },
      "status" : "passed",
      "steps" : [ ],
      "attachments" : [ {
        "uid" : "6dbd94c53a912e68",
        "name" : "more info",
        "source" : "6dbd94c53a912e68.txt",
        "type" : "text/plain",
        "size" : 78
      } ],
      "parameters" : [ ],
      "stepsCount" : 0,
      "attachmentsCount" : 1,
      "shouldDisplayMessage" : false,
      "hasContent" : true
    }, {
      "name" : "[STEP] - Validate failure within given timeout",
      "time" : {
        "start" : 1646930172182,
        "stop" : 1646930172182,
        "duration" : 0
      },
      "status" : "failed",
      "statusMessage" : "AssertionError: expected [Function] to throw Error\n                    at Context.<anonymous> (/home/runner/work/wdio-allure-ts/wdio-allure-ts/src/test/specs/WaitUntilSpec.ts:40:16)\n                    at Context.executeAsync (/home/runner/work/wdio-allure-ts/wdio-allure-ts/node_modules/@wdio/utils/build/shim.js:331:27)\n                    at Context.testFrameworkFnWrapper (/home/runner/work/wdio-allure-ts/wdio-allure-ts/node_modules/@wdio/utils/build/test-framework/testFnWrapper.js:45:32)\n                    at processTicksAndRejections (internal/process/task_queues.js:93:5)",
      "steps" : [ ],
      "attachments" : [ {
        "uid" : "4b2583d6fd938375",
        "name" : "more info",
        "source" : "4b2583d6fd938375.txt",
        "type" : "text/plain",
        "size" : 660
      } ],
      "parameters" : [ ],
      "stepsCount" : 0,
      "attachmentsCount" : 1,
      "shouldDisplayMessage" : true,
      "hasContent" : true
    } ],
    "attachments" : [ {
      "uid" : "cbe3e09501120c8c",
      "name" : "Screenshot",
      "source" : "cbe3e09501120c8c.png",
      "type" : "image/png",
      "size" : 80615
    }, {
      "uid" : "588617c578bf6fb5",
      "name" : "Browser console logs",
      "source" : "588617c578bf6fb5.json",
      "type" : "application/json",
      "size" : 2
    }, {
      "uid" : "9ccf41e68b988385",
      "name" : "Page HTML source",
      "source" : "9ccf41e68b988385.null",
      "type" : "html",
      "size" : 21966
    }, {
      "uid" : "5c5e9033573ff227",
      "name" : "Network Logs",
      "source" : "5c5e9033573ff227.json",
      "type" : "application/json",
      "size" : 17
    } ],
    "parameters" : [ ],
    "stepsCount" : 6,
    "attachmentsCount" : 9,
    "shouldDisplayMessage" : true,
    "hasContent" : true
  },
  "afterStages" : [ ],
  "labels" : [ {
    "name" : "framework",
    "value" : "wdio"
  }, {
    "name" : "language",
    "value" : "javascript"
  }, {
    "name" : "thread",
    "value" : "0-53"
  }, {
    "name" : "suite",
    "value" : "WaitUntilSpec of BrowserUtils Tests"
  }, {
    "name" : "testClass",
    "value" : "WaitUntilSpec of BrowserUtils Tests"
  }, {
    "name" : "testMethod",
    "value" : "Validate text not found withing timeout and error message shown "
  }, {
    "name" : "package",
    "value" : "WaitUntilSpec of BrowserUtils Tests"
  }, {
    "name" : "resultFormat",
    "value" : "allure1"
  } ],
  "parameters" : [ {
    "name" : "browser",
    "value" : "chrome-99.0.4844.51"
  } ],
  "links" : [ ],
  "hidden" : false,
  "retry" : false,
  "extra" : {
    "severity" : "normal",
    "retries" : [ ],
    "categories" : [ {
      "name" : "Product defects",
      "matchedStatuses" : [ ],
      "flaky" : false
    } ],
    "history" : {
      "statistic" : {
        "failed" : 2,
        "broken" : 0,
        "skipped" : 0,
        "passed" : 0,
        "unknown" : 0,
        "total" : 2
      },
      "items" : [ {
        "uid" : "f5d122dc77145c74",
        "reportUrl" : "https://cloudinary.github.io/wdio-allure-ts/274//#testresult/f5d122dc77145c74",
        "status" : "failed",
        "statusDetails" : "expected [Function] to throw Error      \n                      actual expected\n                      \n                      undefined'function Error() { [native code] }'\n                      ",
        "time" : {
          "start" : 1646927591557,
          "stop" : 1646927592535,
          "duration" : 978
        }
      } ]
    },
    "tags" : [ ]
  },
  "source" : "5662e8f6e12f844c.json",
  "parameterValues" : [ "chrome-99.0.4844.51" ]
}