{
  "uid" : "bacc1f6b1aad9b65",
  "name" : "custom options",
  "fullName" : "waitForClickable.custom options",
  "historyId" : "682ae9275e62ebb1e82deef7be9d9792",
  "time" : {
    "start" : 1646930169115,
    "stop" : 1646930170675,
    "duration" : 1560
  },
  "description" : "",
  "descriptionHtml" : "",
  "status" : "failed",
  "statusMessage" : "expected [Function] to throw Error      \n                      actual expected\n                      \n                      undefined'function Error() { [native code] }'\n                      ",
  "statusTrace" : "AssertionError: expected [Function] to throw Error\n                    at Context.<anonymous> (/home/runner/work/wdio-allure-ts/wdio-allure-ts/src/test/specs/WaitForClickableSpec.ts:33:16)\n                    at Context.executeAsync (/home/runner/work/wdio-allure-ts/wdio-allure-ts/node_modules/@wdio/utils/build/shim.js:331:27)\n                    at Context.testFrameworkFnWrapper (/home/runner/work/wdio-allure-ts/wdio-allure-ts/node_modules/@wdio/utils/build/test-framework/testFnWrapper.js:45:32)\n                    at processTicksAndRejections (internal/process/task_queues.js:93:5)",
  "flaky" : false,
  "newFailed" : false,
  "beforeStages" : [ ],
  "testStage" : {
    "status" : "failed",
    "statusMessage" : "expected [Function] to throw Error      \n                      actual expected\n                      \n                      undefined'function Error() { [native code] }'\n                      ",
    "statusTrace" : "AssertionError: expected [Function] to throw Error\n                    at Context.<anonymous> (/home/runner/work/wdio-allure-ts/wdio-allure-ts/src/test/specs/WaitForClickableSpec.ts:33:16)\n                    at Context.executeAsync (/home/runner/work/wdio-allure-ts/wdio-allure-ts/node_modules/@wdio/utils/build/shim.js:331:27)\n                    at Context.testFrameworkFnWrapper (/home/runner/work/wdio-allure-ts/wdio-allure-ts/node_modules/@wdio/utils/build/test-framework/testFnWrapper.js:45:32)\n                    at processTicksAndRejections (internal/process/task_queues.js:93:5)",
    "steps" : [ {
      "name" : "\"before each\" hook for waitForClickable",
      "time" : {
        "start" : 1646930169115,
        "stop" : 1646930169806,
        "duration" : 691
      },
      "status" : "passed",
      "steps" : [ {
        "name" : "[STEP] - Navigate to sample app",
        "time" : {
          "start" : 1646930169610,
          "stop" : 1646930169610,
          "duration" : 0
        },
        "status" : "passed",
        "steps" : [ ],
        "attachments" : [ {
          "uid" : "7192ba9ee056ac9",
          "name" : "more info",
          "source" : "7192ba9ee056ac9.txt",
          "type" : "text/plain",
          "size" : 117
        } ],
        "parameters" : [ ],
        "stepsCount" : 0,
        "attachmentsCount" : 1,
        "shouldDisplayMessage" : false,
        "hasContent" : true
      }, {
        "name" : "[STEP] - Wait for sample app to load",
        "time" : {
          "start" : 1646930169805,
          "stop" : 1646930169805,
          "duration" : 0
        },
        "status" : "passed",
        "steps" : [ ],
        "attachments" : [ {
          "uid" : "2cda690333f803b1",
          "name" : "more info",
          "source" : "2cda690333f803b1.txt",
          "type" : "text/plain",
          "size" : 136
        } ],
        "parameters" : [ ],
        "stepsCount" : 0,
        "attachmentsCount" : 1,
        "shouldDisplayMessage" : false,
        "hasContent" : true
      } ],
      "attachments" : [ ],
      "parameters" : [ ],
      "stepsCount" : 2,
      "attachmentsCount" : 2,
      "shouldDisplayMessage" : false,
      "hasContent" : true
    }, {
      "name" : "[DEBUG] - Wait for the element '//*[@id='waitForClickable']//button[@id='not_clickable_button']' to be clickable",
      "time" : {
        "start" : 1646930169824,
        "stop" : 1646930169825,
        "duration" : 1
      },
      "status" : "passed",
      "steps" : [ ],
      "attachments" : [ {
        "uid" : "e6889178a270e460",
        "name" : "more info",
        "source" : "e6889178a270e460.txt",
        "type" : "text/plain",
        "size" : 130
      } ],
      "parameters" : [ ],
      "stepsCount" : 0,
      "attachmentsCount" : 1,
      "shouldDisplayMessage" : false,
      "hasContent" : true
    }, {
      "name" : "[STEP] -  clickable element - custom options",
      "time" : {
        "start" : 1646930170674,
        "stop" : 1646930170674,
        "duration" : 0
      },
      "status" : "failed",
      "statusMessage" : "AssertionError: expected [Function] to throw Error\n                    at Context.<anonymous> (/home/runner/work/wdio-allure-ts/wdio-allure-ts/src/test/specs/WaitForClickableSpec.ts:33:16)\n                    at Context.executeAsync (/home/runner/work/wdio-allure-ts/wdio-allure-ts/node_modules/@wdio/utils/build/shim.js:331:27)\n                    at Context.testFrameworkFnWrapper (/home/runner/work/wdio-allure-ts/wdio-allure-ts/node_modules/@wdio/utils/build/test-framework/testFnWrapper.js:45:32)\n                    at processTicksAndRejections (internal/process/task_queues.js:93:5)",
      "steps" : [ ],
      "attachments" : [ {
        "uid" : "9fa792d5adc14c65",
        "name" : "more info",
        "source" : "9fa792d5adc14c65.txt",
        "type" : "text/plain",
        "size" : 64
      } ],
      "parameters" : [ ],
      "stepsCount" : 0,
      "attachmentsCount" : 1,
      "shouldDisplayMessage" : true,
      "hasContent" : true
    } ],
    "attachments" : [ {
      "uid" : "99e41dd2a0901bb4",
      "name" : "Screenshot",
      "source" : "99e41dd2a0901bb4.png",
      "type" : "image/png",
      "size" : 65105
    }, {
      "uid" : "b25c77eea63a290f",
      "name" : "Browser console logs",
      "source" : "b25c77eea63a290f.json",
      "type" : "application/json",
      "size" : 2
    }, {
      "uid" : "7ebb3dd8d6daac50",
      "name" : "Page HTML source",
      "source" : "7ebb3dd8d6daac50.null",
      "type" : "html",
      "size" : 21966
    }, {
      "uid" : "ff4176a03cf8843b",
      "name" : "Network Logs",
      "source" : "ff4176a03cf8843b.json",
      "type" : "application/json",
      "size" : 17
    } ],
    "parameters" : [ ],
    "stepsCount" : 5,
    "attachmentsCount" : 8,
    "shouldDisplayMessage" : true,
    "hasContent" : true
  },
  "afterStages" : [ ],
  "labels" : [ {
    "name" : "framework",
    "value" : "wdio"
  }, {
    "name" : "language",
    "value" : "javascript"
  }, {
    "name" : "thread",
    "value" : "0-50"
  }, {
    "name" : "suite",
    "value" : "waitForClickable"
  }, {
    "name" : "testClass",
    "value" : "waitForClickable"
  }, {
    "name" : "testMethod",
    "value" : "custom options"
  }, {
    "name" : "package",
    "value" : "waitForClickable"
  }, {
    "name" : "resultFormat",
    "value" : "allure1"
  } ],
  "parameters" : [ {
    "name" : "browser",
    "value" : "chrome-99.0.4844.51"
  } ],
  "links" : [ ],
  "hidden" : false,
  "retry" : false,
  "extra" : {
    "severity" : "normal",
    "retries" : [ ],
    "categories" : [ {
      "name" : "Product defects",
      "matchedStatuses" : [ ],
      "flaky" : false
    } ],
    "history" : {
      "statistic" : {
        "failed" : 2,
        "broken" : 0,
        "skipped" : 0,
        "passed" : 0,
        "unknown" : 0,
        "total" : 2
      },
      "items" : [ {
        "uid" : "4e8d26cba3fd717a",
        "reportUrl" : "https://cloudinary.github.io/wdio-allure-ts/274//#testresult/4e8d26cba3fd717a",
        "status" : "failed",
        "statusDetails" : "expected [Function] to throw Error      \n                      actual expected\n                      \n                      undefined'function Error() { [native code] }'\n                      ",
        "time" : {
          "start" : 1646927589527,
          "stop" : 1646927591136,
          "duration" : 1609
        }
      } ]
    },
    "tags" : [ ]
  },
  "source" : "bacc1f6b1aad9b65.json",
  "parameterValues" : [ "chrome-99.0.4844.51" ]
}