{
  "uid" : "cd26a1415b55459a",
  "name" : "not clickable element",
  "fullName" : "waitForClickable.not clickable element",
  "historyId" : "b0784727a090792acc0166e0de7dd82b",
  "time" : {
    "start" : 1646930166545,
    "stop" : 1646930167790,
    "duration" : 1245
  },
  "description" : "",
  "descriptionHtml" : "",
  "status" : "failed",
  "statusMessage" : "expected [Function] to throw Error      \n                      actual expected\n                      \n                      undefined'function Error() { [native code] }'\n                      ",
  "statusTrace" : "AssertionError: expected [Function] to throw Error\n                    at Context.<anonymous> (/home/runner/work/wdio-allure-ts/wdio-allure-ts/src/test/specs/WaitForClickableSpec.ts:10:16)\n                    at Context.executeAsync (/home/runner/work/wdio-allure-ts/wdio-allure-ts/node_modules/@wdio/utils/build/shim.js:331:27)\n                    at Context.testFrameworkFnWrapper (/home/runner/work/wdio-allure-ts/wdio-allure-ts/node_modules/@wdio/utils/build/test-framework/testFnWrapper.js:45:32)\n                    at processTicksAndRejections (internal/process/task_queues.js:93:5)",
  "flaky" : false,
  "newFailed" : false,
  "beforeStages" : [ ],
  "testStage" : {
    "status" : "failed",
    "statusMessage" : "expected [Function] to throw Error      \n                      actual expected\n                      \n                      undefined'function Error() { [native code] }'\n                      ",
    "statusTrace" : "AssertionError: expected [Function] to throw Error\n                    at Context.<anonymous> (/home/runner/work/wdio-allure-ts/wdio-allure-ts/src/test/specs/WaitForClickableSpec.ts:10:16)\n                    at Context.executeAsync (/home/runner/work/wdio-allure-ts/wdio-allure-ts/node_modules/@wdio/utils/build/shim.js:331:27)\n                    at Context.testFrameworkFnWrapper (/home/runner/work/wdio-allure-ts/wdio-allure-ts/node_modules/@wdio/utils/build/test-framework/testFnWrapper.js:45:32)\n                    at processTicksAndRejections (internal/process/task_queues.js:93:5)",
    "steps" : [ {
      "name" : "\"before each\" hook for waitForClickable",
      "time" : {
        "start" : 1646930166546,
        "stop" : 1646930167108,
        "duration" : 562
      },
      "status" : "passed",
      "steps" : [ {
        "name" : "[STEP] - Navigate to sample app",
        "time" : {
          "start" : 1646930167021,
          "stop" : 1646930167023,
          "duration" : 2
        },
        "status" : "passed",
        "steps" : [ ],
        "attachments" : [ {
          "uid" : "2046ce47ad771824",
          "name" : "more info",
          "source" : "2046ce47ad771824.txt",
          "type" : "text/plain",
          "size" : 117
        } ],
        "parameters" : [ ],
        "stepsCount" : 0,
        "attachmentsCount" : 1,
        "shouldDisplayMessage" : false,
        "hasContent" : true
      }, {
        "name" : "[STEP] - Wait for sample app to load",
        "time" : {
          "start" : 1646930167106,
          "stop" : 1646930167107,
          "duration" : 1
        },
        "status" : "passed",
        "steps" : [ ],
        "attachments" : [ {
          "uid" : "b4d8048ef6774f7c",
          "name" : "more info",
          "source" : "b4d8048ef6774f7c.txt",
          "type" : "text/plain",
          "size" : 136
        } ],
        "parameters" : [ ],
        "stepsCount" : 0,
        "attachmentsCount" : 1,
        "shouldDisplayMessage" : false,
        "hasContent" : true
      } ],
      "attachments" : [ ],
      "parameters" : [ ],
      "stepsCount" : 2,
      "attachmentsCount" : 2,
      "shouldDisplayMessage" : false,
      "hasContent" : true
    }, {
      "name" : "[DEBUG] - Wait for the element '//*[@id='waitForClickable']//button[@id='not_clickable_button']' to be clickable",
      "time" : {
        "start" : 1646930167122,
        "stop" : 1646930167122,
        "duration" : 0
      },
      "status" : "passed",
      "steps" : [ ],
      "attachments" : [ {
        "uid" : "8711f89f5943b2b",
        "name" : "more info",
        "source" : "8711f89f5943b2b.txt",
        "type" : "text/plain",
        "size" : 130
      } ],
      "parameters" : [ ],
      "stepsCount" : 0,
      "attachmentsCount" : 1,
      "shouldDisplayMessage" : false,
      "hasContent" : true
    }, {
      "name" : "[STEP] - not clickable element throws an error",
      "time" : {
        "start" : 1646930167772,
        "stop" : 1646930167773,
        "duration" : 1
      },
      "status" : "failed",
      "statusMessage" : "AssertionError: expected [Function] to throw Error\n                    at Context.<anonymous> (/home/runner/work/wdio-allure-ts/wdio-allure-ts/src/test/specs/WaitForClickableSpec.ts:10:16)\n                    at Context.executeAsync (/home/runner/work/wdio-allure-ts/wdio-allure-ts/node_modules/@wdio/utils/build/shim.js:331:27)\n                    at Context.testFrameworkFnWrapper (/home/runner/work/wdio-allure-ts/wdio-allure-ts/node_modules/@wdio/utils/build/test-framework/testFnWrapper.js:45:32)\n                    at processTicksAndRejections (internal/process/task_queues.js:93:5)",
      "steps" : [ ],
      "attachments" : [ {
        "uid" : "eb0997c539ed249a",
        "name" : "more info",
        "source" : "eb0997c539ed249a.txt",
        "type" : "text/plain",
        "size" : 66
      } ],
      "parameters" : [ ],
      "stepsCount" : 0,
      "attachmentsCount" : 1,
      "shouldDisplayMessage" : true,
      "hasContent" : true
    } ],
    "attachments" : [ {
      "uid" : "fe1993216e9d0c78",
      "name" : "Screenshot",
      "source" : "fe1993216e9d0c78.png",
      "type" : "image/png",
      "size" : 80615
    }, {
      "uid" : "2df4232148e7bc36",
      "name" : "Browser console logs",
      "source" : "2df4232148e7bc36.json",
      "type" : "application/json",
      "size" : 2
    }, {
      "uid" : "4c7959b21291714b",
      "name" : "Page HTML source",
      "source" : "4c7959b21291714b.null",
      "type" : "html",
      "size" : 21966
    }, {
      "uid" : "5cfbd9d54cf0444",
      "name" : "Network Logs",
      "source" : "5cfbd9d54cf0444.json",
      "type" : "application/json",
      "size" : 17
    } ],
    "parameters" : [ ],
    "stepsCount" : 5,
    "attachmentsCount" : 8,
    "shouldDisplayMessage" : true,
    "hasContent" : true
  },
  "afterStages" : [ ],
  "labels" : [ {
    "name" : "framework",
    "value" : "wdio"
  }, {
    "name" : "language",
    "value" : "javascript"
  }, {
    "name" : "thread",
    "value" : "0-50"
  }, {
    "name" : "suite",
    "value" : "waitForClickable"
  }, {
    "name" : "testClass",
    "value" : "waitForClickable"
  }, {
    "name" : "testMethod",
    "value" : "not clickable element"
  }, {
    "name" : "package",
    "value" : "waitForClickable"
  }, {
    "name" : "resultFormat",
    "value" : "allure1"
  } ],
  "parameters" : [ {
    "name" : "browser",
    "value" : "chrome-99.0.4844.51"
  } ],
  "links" : [ ],
  "hidden" : false,
  "retry" : false,
  "extra" : {
    "severity" : "normal",
    "retries" : [ ],
    "categories" : [ {
      "name" : "Product defects",
      "matchedStatuses" : [ ],
      "flaky" : false
    } ],
    "history" : {
      "statistic" : {
        "failed" : 2,
        "broken" : 0,
        "skipped" : 0,
        "passed" : 0,
        "unknown" : 0,
        "total" : 2
      },
      "items" : [ {
        "uid" : "a5f1f22def68b0be",
        "reportUrl" : "https://cloudinary.github.io/wdio-allure-ts/274//#testresult/a5f1f22def68b0be",
        "status" : "failed",
        "statusDetails" : "expected [Function] to throw Error      \n                      actual expected\n                      \n                      undefined'function Error() { [native code] }'\n                      ",
        "time" : {
          "start" : 1646927586160,
          "stop" : 1646927588023,
          "duration" : 1863
        }
      } ]
    },
    "tags" : [ ]
  },
  "source" : "cd26a1415b55459a.json",
  "parameterValues" : [ "chrome-99.0.4844.51" ]
}